
> dev
> echo Frontend dev server: http://localhost:3002 && set NODE_OPTIONS=--max-old-space-size=2048 && next dev --port 3002

Frontend dev server: http://localhost:3002 
▲ Next.js 16.2.6 (Turbopack)
- Local:         http://localhost:3002
- Network:       http://192.168.1.6:3002
- Environments: .env.local
✓ Ready in 1105ms
Creating turbopack project {
  dir: 'C:\\Users\\User\\Desktop\\Dating App\\connect-love-fronted',
  testMode: true
}
- Experiments (use with caution):
  · optimizePackageImports

○ Compiling / ...
 GET / 200 in 5.0s (next.js: 4.4s, application-code: 600ms)
 GET /user 200 in 1322ms (next.js: 1169ms, proxy.ts: 111ms, application-code: 41ms)
 GET /management 200 in 1143ms (next.js: 1027ms, application-code: 116ms)
 GET / 200 in 234ms (next.js: 20ms, application-code: 214ms)
 GET /management 200 in 84ms (next.js: 11ms, application-code: 73ms)
✓ Compiled in 347ms
 GET /user 200 in 404ms (next.js: 261ms, proxy.ts: 68ms, application-code: 75ms)
 GET /management 200 in 414ms (next.js: 263ms, application-code: 151ms)
✓ Compiled in 216ms
 GET /management 200 in 402ms (next.js: 117ms, application-code: 285ms)
 GET /user 200 in 206ms (next.js: 103ms, proxy.ts: 44ms, application-code: 60ms)
✓ Compiled in 314ms
 GET /management 200 in 1098ms (next.js: 243ms, application-code: 856ms)
 GET /user 200 in 1315ms (next.js: 287ms, proxy.ts: 433ms, application-code: 596ms)
 GET /management 200 in 895ms (next.js: 12ms, application-code: 883ms)
 GET /management 200 in 932ms (next.js: 22ms, application-code: 911ms)
 GET /management 200 in 934ms (next.js: 60ms, application-code: 874ms)
 GET /management 200 in 934ms (next.js: 102ms, application-code: 832ms)
 GET /management 200 in 936ms (next.js: 134ms, application-code: 802ms)
 GET /user 200 in 1303ms (next.js: 25ms, proxy.ts: 173ms, application-code: 1105ms)
 GET /management 200 in 859ms (next.js: 37ms, application-code: 822ms)
 GET /user 200 in 1065ms (next.js: 106ms, proxy.ts: 226ms, application-code: 732ms)
 GET /user 200 in 1063ms (next.js: 194ms, proxy.ts: 223ms, application-code: 645ms)
 GET /user 200 in 1059ms (next.js: 235ms, proxy.ts: 282ms, application-code: 542ms)
 GET /user 200 in 1244ms (next.js: 349ms, proxy.ts: 281ms, application-code: 615ms)
 GET /management 200 in 982ms (next.js: 398ms, application-code: 584ms)
 GET /user 200 in 1028ms (next.js: 160ms, proxy.ts: 334ms, application-code: 534ms)
 GET /management 200 in 725ms (next.js: 85ms, application-code: 640ms)
 GET /management 200 in 727ms (next.js: 132ms, application-code: 595ms)
 GET /management 200 in 731ms (next.js: 178ms, application-code: 553ms)
 GET /management 200 in 733ms (next.js: 224ms, application-code: 509ms)
 GET /user 200 in 765ms (next.js: 22ms, proxy.ts: 12ms, application-code: 731ms)
 GET /management 200 in 537ms (next.js: 79ms, application-code: 458ms)
 GET /user 200 in 537ms (next.js: 51ms, proxy.ts: 200ms, application-code: 286ms)
 GET /user 200 in 533ms (next.js: 167ms, proxy.ts: 201ms, application-code: 165ms)
 GET /user 200 in 532ms (next.js: 229ms, proxy.ts: 204ms, application-code: 99ms)
 GET /management 200 in 556ms (next.js: 7ms, application-code: 549ms)
 GET /user 200 in 565ms (next.js: 270ms, proxy.ts: 50ms, application-code: 246ms)
✓ Compiled in 359ms
 GET /management 200 in 549ms (next.js: 282ms, application-code: 266ms)
 GET /user 200 in 557ms (next.js: 369ms, proxy.ts: 131ms, application-code: 57ms)
 GET / 200 in 842ms (next.js: 242ms, application-code: 600ms)
 GET /login 200 in 2.6s (next.js: 2.5s, application-code: 78ms)
 GET /login 200 in 2.6s (next.js: 2.4s, application-code: 213ms)
 GET /user/discover 200 in 2.2s (next.js: 1732ms, proxy.ts: 20ms, application-code: 434ms)
 GET / 200 in 148ms (next.js: 12ms, application-code: 137ms)
 GET /login 200 in 236ms (next.js: 10ms, application-code: 226ms)
 GET /login 200 in 225ms (next.js: 8ms, application-code: 218ms)
 GET /user/discover 200 in 143ms (next.js: 8ms, proxy.ts: 11ms, application-code: 123ms)
 GET / 200 in 112ms (next.js: 8ms, application-code: 104ms)
 GET /login 200 in 149ms (next.js: 8ms, application-code: 140ms)
 GET /login 200 in 143ms (next.js: 9ms, application-code: 134ms)
 GET /user/discover 200 in 160ms (next.js: 14ms, proxy.ts: 16ms, application-code: 130ms)
 GET /user/messages?id=b291e02e-fc84-4f0a-bb41-a22888949d38 200 in 1076ms (next.js: 1031ms, proxy.ts: 10ms, application-code: 35ms)
 GET / 200 in 369ms (next.js: 97ms, application-code: 272ms)
 GET /user 200 in 54ms (next.js: 11ms, proxy.ts: 9ms, application-code: 35ms)
 GET /user/messages?id=b291e02e-fc84-4f0a-bb41-a22888949d38 200 in 75ms (next.js: 13ms, proxy.ts: 10ms, application-code: 53ms)
✓ Compiled in 3.5s
✓ Compiled in 395ms
✓ Compiled in 462ms
○ Compiling /management/super-admin ...
 GET /management/super-admin 200 in 5.0s (next.js: 4.7s, application-code: 227ms)
 POST /management/super-admin 200 in 557ms (next.js: 8ms, application-code: 549ms)
  └─ ƒ loginManagement("superadmin@connectlove.com", "Admin@123", "super-admin") in 476ms src/app/actions/managementAuth.ts
 GET /super-admin 200 in 3.1s (next.js: 3.1s, proxy.ts: 8ms, application-code: 32ms)
 GET /super-admin 200 in 113ms (next.js: 21ms, proxy.ts: 25ms, application-code: 67ms)
 GET /super-admin/users 200 in 761ms (next.js: 716ms, proxy.ts: 9ms, application-code: 36ms)
 GET /super-admin/verification 200 in 872ms (next.js: 819ms, proxy.ts: 15ms, application-code: 39ms)
 GET /super-admin/payments 200 in 1007ms (next.js: 967ms, proxy.ts: 8ms, application-code: 32ms)
 GET /super-admin/roles 200 in 593ms (next.js: 538ms, proxy.ts: 8ms, application-code: 47ms)
✓ Compiled in 737ms
 GET /super-admin/roles 200 in 638ms (next.js: 181ms, proxy.ts: 134ms, application-code: 322ms)
 GET /user/messages?id=b291e02e-fc84-4f0a-bb41-a22888949d38 200 in 503ms (next.js: 153ms, proxy.ts: 244ms, application-code: 107ms)
 GET /user/messages?id=b291e02e-fc84-4f0a-bb41-a22888949d38 200 in 502ms (next.js: 209ms, proxy.ts: 243ms, application-code: 51ms)
 GET /super-admin/roles 200 in 711ms (next.js: 10ms, proxy.ts: 8ms, application-code: 693ms)
○ Compiling /user/matches ...
 GET /user/matches 200 in 4.0s (next.js: 3.9s, proxy.ts: 7ms, application-code: 43ms)
 GET /user/discover 200 in 115ms (next.js: 69ms, proxy.ts: 9ms, application-code: 37ms)
 GET /user/profile 200 in 1155ms (next.js: 1111ms, proxy.ts: 12ms, application-code: 33ms)
 GET /user/discover 200 in 54ms (next.js: 10ms, proxy.ts: 9ms, application-code: 35ms)
✓ Compiled in 1127ms
 GET /user/matches 200 in 362ms (next.js: 90ms, proxy.ts: 100ms, application-code: 172ms)
 GET /user/discover 200 in 113ms (next.js: 33ms, proxy.ts: 11ms, application-code: 68ms)
✓ Compiled in 1649ms
✓ Compiled in 540ms
 GET /user/discover 200 in 3.5s (next.js: 1843ms, proxy.ts: 596ms, application-code: 1040ms)
 GET /super-admin/roles 200 in 2.1s (next.js: 921ms, proxy.ts: 687ms, application-code: 530ms)
 GET /user/messages?id=b291e02e-fc84-4f0a-bb41-a22888949d38 200 in 2.2s (next.js: 1137ms, proxy.ts: 708ms, application-code: 332ms)
✓ Compiled in 2s
 GET /super-admin/roles 200 in 2.4s (next.js: 1339ms, proxy.ts: 203ms, application-code: 877ms)
 GET /user/messages?id=b291e02e-fc84-4f0a-bb41-a22888949d38 200 in 2.4s (next.js: 1214ms, proxy.ts: 201ms, application-code: 1015ms)
 GET /user/discover 200 in 3.0s (next.js: 2.3s, proxy.ts: 58ms, application-code: 686ms)
 GET /super-admin/roles 200 in 664ms (next.js: 226ms, proxy.ts: 59ms, application-code: 378ms)
 GET /user/messages?id=b291e02e-fc84-4f0a-bb41-a22888949d38 200 in 669ms (next.js: 134ms, proxy.ts: 61ms, application-code: 474ms)
 GET /user/discover 200 in 665ms (next.js: 348ms, proxy.ts: 61ms, application-code: 257ms)
 GET /super-admin/roles 200 in 197ms (next.js: 112ms, proxy.ts: 24ms, application-code: 61ms)
 GET /user/messages?id=b291e02e-fc84-4f0a-bb41-a22888949d38 200 in 209ms (next.js: 24ms, proxy.ts: 26ms, application-code: 159ms)
 GET /user/discover 200 in 199ms (next.js: 67ms, proxy.ts: 24ms, application-code: 108ms)
✓ Compiled in 367ms
 GET /user/discover 200 in 457ms (next.js: 163ms, proxy.ts: 71ms, application-code: 223ms)
 GET /super-admin/roles 200 in 456ms (next.js: 337ms, proxy.ts: 68ms, application-code: 51ms)
 GET /user/messages?id=b291e02e-fc84-4f0a-bb41-a22888949d38 200 in 464ms (next.js: 253ms, proxy.ts: 70ms, application-code: 141ms)
 GET /user/profile 200 in 179ms (next.js: 131ms, proxy.ts: 10ms, application-code: 38ms)
✓ Compiled in 556ms
 GET /user/profile 200 in 359ms (next.js: 124ms, proxy.ts: 61ms, application-code: 174ms)
 GET /super-admin/roles 200 in 301ms (next.js: 74ms, proxy.ts: 174ms, application-code: 54ms)
 GET /user/messages?id=b291e02e-fc84-4f0a-bb41-a22888949d38 200 in 360ms (next.js: 186ms, proxy.ts: 65ms, application-code: 110ms)
 GET /user/discover 200 in 168ms (next.js: 116ms, proxy.ts: 6ms, application-code: 46ms)
○ Compiling /super-admin/user-360 ...
 GET /super-admin/user-360 200 in 8.2s (next.js: 7.9s, proxy.ts: 81ms, application-code: 231ms)
✓ Compiled in 927ms
✓ Compiled in 759ms
 GET /super-admin/user-360 200 in 3.4s (next.js: 1779ms, proxy.ts: 780ms, application-code: 832ms)
 GET /user/discover 200 in 3.4s (next.js: 2.1s, proxy.ts: 967ms, application-code: 278ms)
 GET /super-admin/user-360 200 in 670ms (next.js: 37ms, proxy.ts: 96ms, application-code: 536ms)
 GET /user/discover 200 in 660ms (next.js: 143ms, proxy.ts: 23ms, application-code: 494ms)
 GET /user/messages?id=b291e02e-fc84-4f0a-bb41-a22888949d38 200 in 1287ms (next.js: 340ms, proxy.ts: 622ms, application-code: 325ms)
 GET /super-admin/user-360 200 in 698ms (next.js: 243ms, proxy.ts: 32ms, application-code: 424ms)
 GET /user/messages?id=b291e02e-fc84-4f0a-bb41-a22888949d38 200 in 726ms (next.js: 166ms, proxy.ts: 30ms, application-code: 530ms)
 GET /user/discover 200 in 741ms (next.js: 97ms, proxy.ts: 31ms, application-code: 613ms)
 GET /super-admin/user-360 200 in 1180ms (next.js: 148ms, proxy.ts: 45ms, application-code: 988ms)
 GET /user/messages?id=b291e02e-fc84-4f0a-bb41-a22888949d38 200 in 1191ms (next.js: 86ms, proxy.ts: 45ms, application-code: 1059ms)
 GET /user/discover 200 in 1196ms (next.js: 26ms, proxy.ts: 45ms, application-code: 1125ms)
 GET /super-admin/user-360 200 in 986ms (next.js: 149ms, proxy.ts: 85ms, application-code: 752ms)
 GET /super-admin/user-360 200 in 966ms (next.js: 631ms, proxy.ts: 75ms, application-code: 260ms)
 GET /super-admin/user-360 200 in 980ms (next.js: 520ms, proxy.ts: 76ms, application-code: 385ms)
 GET /super-admin/user-360 200 in 983ms (next.js: 705ms, proxy.ts: 74ms, application-code: 204ms)
 GET /user/messages?id=b291e02e-fc84-4f0a-bb41-a22888949d38 200 in 1017ms (next.js: 73ms, proxy.ts: 85ms, application-code: 859ms)
 GET /user/discover 200 in 1018ms (next.js: 219ms, proxy.ts: 84ms, application-code: 715ms)
 GET /user/discover 200 in 1020ms (next.js: 283ms, proxy.ts: 84ms, application-code: 653ms)
 GET /user/discover 200 in 1025ms (next.js: 326ms, proxy.ts: 82ms, application-code: 616ms)
 GET /user/discover 200 in 1030ms (next.js: 376ms, proxy.ts: 80ms, application-code: 575ms)
 GET /user/messages?id=b291e02e-fc84-4f0a-bb41-a22888949d38 200 in 1034ms (next.js: 474ms, proxy.ts: 79ms, application-code: 482ms)
 GET /user/messages?id=b291e02e-fc84-4f0a-bb41-a22888949d38 200 in 1045ms (next.js: 427ms, proxy.ts: 79ms, application-code: 539ms)
 GET /user/messages?id=b291e02e-fc84-4f0a-bb41-a22888949d38 200 in 1044ms (next.js: 567ms, proxy.ts: 75ms, application-code: 402ms)
 GET /user/messages?id=b291e02e-fc84-4f0a-bb41-a22888949d38 200 in 292ms (next.js: 25ms, proxy.ts: 101ms, application-code: 166ms)
✓ Compiled in 681ms
 GET /super-admin/user-360 200 in 1451ms (next.js: 1140ms, proxy.ts: 218ms, application-code: 93ms)
 GET /user/discover 200 in 1469ms (next.js: 445ms, proxy.ts: 211ms, application-code: 813ms)
✓ Finished filesystem cache database compaction in 15.6s
 GET /user/messages?id=b291e02e-fc84-4f0a-bb41-a22888949d38 200 in 227ms (next.js: 83ms, proxy.ts: 18ms, application-code: 127ms)
✓ Compiled in 757ms
✓ Compiled in 0ms
 GET /super-admin/user-360 200 in 1982ms (next.js: 424ms, proxy.ts: 166ms, application-code: 1391ms)
 GET /user/messages?id=b291e02e-fc84-4f0a-bb41-a22888949d38 200 in 2.0s (next.js: 558ms, proxy.ts: 164ms, application-code: 1301ms)
 GET /user/discover 200 in 2.0s (next.js: 886ms, proxy.ts: 166ms, application-code: 985ms)
 GET /super-admin/user-360 200 in 1477ms (next.js: 194ms, proxy.ts: 140ms, application-code: 1143ms)
 GET /user/messages?id=b291e02e-fc84-4f0a-bb41-a22888949d38 200 in 1620ms (next.js: 323ms, proxy.ts: 141ms, application-code: 1156ms)
 GET /user/discover 200 in 1535ms (next.js: 398ms, proxy.ts: 56ms, application-code: 1081ms)
 GET /super-admin/user-360 200 in 1033ms (next.js: 167ms, proxy.ts: 79ms, application-code: 788ms)
 GET /super-admin/user-360 200 in 1034ms (next.js: 224ms, proxy.ts: 79ms, application-code: 730ms)
 GET /super-admin/user-360 200 in 1033ms (next.js: 279ms, proxy.ts: 80ms, application-code: 675ms)
 GET /super-admin/user-360 200 in 1033ms (next.js: 325ms, proxy.ts: 80ms, application-code: 628ms)
 GET /user/messages?id=b291e02e-fc84-4f0a-bb41-a22888949d38 200 in 1103ms (next.js: 72ms, proxy.ts: 78ms, application-code: 953ms)
 GET /user/messages?id=b291e02e-fc84-4f0a-bb41-a22888949d38 200 in 1103ms (next.js: 121ms, proxy.ts: 78ms, application-code: 904ms)
 GET /user/messages?id=b291e02e-fc84-4f0a-bb41-a22888949d38 200 in 1100ms (next.js: 374ms, proxy.ts: 80ms, application-code: 645ms)
 GET /user/messages?id=b291e02e-fc84-4f0a-bb41-a22888949d38 200 in 1101ms (next.js: 428ms, proxy.ts: 80ms, application-code: 593ms)
 GET /user/discover 200 in 1082ms (next.js: 542ms, proxy.ts: 77ms, application-code: 463ms)
 GET /user/discover 200 in 1088ms (next.js: 493ms, proxy.ts: 79ms, application-code: 517ms)
 GET /user/discover 200 in 1089ms (next.js: 605ms, proxy.ts: 78ms, application-code: 406ms)
 GET /user/discover 200 in 1128ms (next.js: 664ms, proxy.ts: 66ms, application-code: 397ms)
 GET /super-admin/user-360 200 in 1068ms (next.js: 161ms, proxy.ts: 595ms, application-code: 312ms)
 GET /user/messages?id=b291e02e-fc84-4f0a-bb41-a22888949d38 200 in 1049ms (next.js: 67ms, proxy.ts: 715ms, application-code: 267ms)
 GET /user/discover 200 in 1048ms (next.js: 108ms, proxy.ts: 714ms, application-code: 225ms)
 GET /super-admin/user-360 200 in 186ms (next.js: 26ms, proxy.ts: 18ms, application-code: 142ms)
 GET /user/discover 200 in 171ms (next.js: 38ms, proxy.ts: 75ms, application-code: 59ms)
 GET /user/messages?id=b291e02e-fc84-4f0a-bb41-a22888949d38 200 in 109ms (next.js: 12ms, proxy.ts: 9ms, application-code: 88ms)
 GET /super-admin/user-360 200 in 1440ms (next.js: 12ms, proxy.ts: 6ms, application-code: 1421ms)
✓ Compiled in 563ms
 GET /user/messages?id=b291e02e-fc84-4f0a-bb41-a22888949d38 200 in 771ms (next.js: 185ms, proxy.ts: 78ms, application-code: 508ms)
 GET /user/discover 200 in 763ms (next.js: 285ms, proxy.ts: 89ms, application-code: 388ms)
 GET /super-admin/user-360 200 in 689ms (next.js: 339ms, proxy.ts: 252ms, application-code: 97ms)
 GET /super-admin/user-360 200 in 351ms (next.js: 13ms, proxy.ts: 7ms, application-code: 331ms)
 GET /super-admin/user-360 200 in 291ms (next.js: 34ms, proxy.ts: 24ms, application-code: 232ms)
 GET /user/profile 200 in 157ms (next.js: 103ms, proxy.ts: 6ms, application-code: 49ms)
 GET /user/profile 200 in 99ms (next.js: 12ms, proxy.ts: 9ms, application-code: 78ms)
 GET /user/profile 200 in 466ms (next.js: 12ms, proxy.ts: 12ms, application-code: 442ms)
✓ Compiled in 1888ms
 GET /user/profile 200 in 851ms (next.js: 382ms, proxy.ts: 95ms, application-code: 374ms)
 GET /user/messages?id=b291e02e-fc84-4f0a-bb41-a22888949d38 200 in 851ms (next.js: 521ms, proxy.ts: 95ms, application-code: 234ms)
 GET /super-admin/user-360 200 in 769ms (next.js: 82ms, proxy.ts: 578ms, application-code: 109ms)
✓ Compiled in 762ms
 GET /user/messages?id=b291e02e-fc84-4f0a-bb41-a22888949d38 200 in 595ms (next.js: 151ms, proxy.ts: 64ms, application-code: 380ms)
 GET /super-admin/user-360 200 in 583ms (next.js: 469ms, proxy.ts: 57ms, application-code: 57ms)
 GET /user/profile 200 in 597ms (next.js: 367ms, proxy.ts: 63ms, application-code: 167ms)
✓ Compiled in 966ms
 GET /user/messages?id=b291e02e-fc84-4f0a-bb41-a22888949d38 200 in 1080ms (next.js: 269ms, proxy.ts: 59ms, application-code: 752ms)
 GET /super-admin/user-360 200 in 626ms (next.js: 63ms, proxy.ts: 24ms, application-code: 540ms)
 GET /user/profile 200 in 626ms (next.js: 459ms, proxy.ts: 24ms, application-code: 143ms)
 GET /user/profile 200 in 65ms (next.js: 13ms, proxy.ts: 9ms, application-code: 43ms)
 GET /user/discover 200 in 184ms (next.js: 112ms, proxy.ts: 22ms, application-code: 49ms)
✓ Compiled in 1018ms
 GET /super-admin/user-360 200 in 579ms (next.js: 243ms, proxy.ts: 57ms, application-code: 278ms)
 GET /user/profile 200 in 585ms (next.js: 149ms, proxy.ts: 59ms, application-code: 377ms)
 GET /user/discover 200 in 582ms (next.js: 447ms, proxy.ts: 56ms, application-code: 79ms)
✓ Compiled in 474ms
 GET /super-admin/user-360 200 in 1251ms (next.js: 709ms, proxy.ts: 180ms, application-code: 362ms)
 GET /user/discover 200 in 1275ms (next.js: 355ms, proxy.ts: 194ms, application-code: 725ms)
 GET /user/profile 200 in 1241ms (next.js: 949ms, proxy.ts: 175ms, application-code: 118ms)
 GET /user/discover 200 in 96ms (next.js: 15ms, proxy.ts: 14ms, application-code: 67ms)
 GET /user/discover 200 in 2.2s (next.js: 13ms, proxy.ts: 11ms, application-code: 2.2s)
 GET /user/discover 200 in 138ms (next.js: 9ms, proxy.ts: 9ms, application-code: 120ms)
○ Compiling /robots.txt ...
 GET /robots.txt 200 in 3.9s (next.js: 3.8s, application-code: 64ms)
 GET /user/discover 200 in 348ms (next.js: 35ms, proxy.ts: 23ms, application-code: 291ms)
✓ Compiled in 1008ms
 GET /super-admin/user-360 200 in 2.9s (next.js: 1309ms, proxy.ts: 80ms, application-code: 1494ms)
 GET /user/discover 200 in 3.0s (next.js: 1907ms, proxy.ts: 500ms, application-code: 636ms)
 GET /user/discover 200 in 3.1s (next.js: 22ms, proxy.ts: 1985ms, application-code: 1067ms)
 GET /super-admin/user-360 200 in 1158ms (next.js: 99ms, proxy.ts: 19ms, application-code: 1040ms)
 GET /user/discover 200 in 1486ms (next.js: 159ms, proxy.ts: 80ms, application-code: 1247ms)
 GET /super-admin/user-360 200 in 1357ms (next.js: 179ms, proxy.ts: 174ms, application-code: 1003ms)
 GET /user/discover 200 in 1483ms (next.js: 126ms, proxy.ts: 221ms, application-code: 1136ms)
 GET /super-admin/user-360 200 in 1356ms (next.js: 267ms, proxy.ts: 171ms, application-code: 918ms)
 GET /super-admin/user-360 200 in 1353ms (next.js: 346ms, proxy.ts: 169ms, application-code: 838ms)
 GET /super-admin/user-360 200 in 1331ms (next.js: 396ms, proxy.ts: 103ms, application-code: 833ms)
 GET /user/discover 200 in 1313ms (next.js: 354ms, proxy.ts: 143ms, application-code: 816ms)
 GET /super-admin/user-360 200 in 1256ms (next.js: 305ms, proxy.ts: 368ms, application-code: 582ms)
 GET /user/discover 200 in 1309ms (next.js: 450ms, proxy.ts: 144ms, application-code: 714ms)
 GET /user/discover 200 in 1316ms (next.js: 404ms, proxy.ts: 142ms, application-code: 770ms)
 GET /user/discover 200 in 1311ms (next.js: 502ms, proxy.ts: 143ms, application-code: 667ms)
 GET /user/discover 200 in 1253ms (next.js: 98ms, proxy.ts: 524ms, application-code: 631ms)
 GET /user/discover 200 in 1246ms (next.js: 248ms, proxy.ts: 521ms, application-code: 477ms)
 GET /user/discover 200 in 1253ms (next.js: 151ms, proxy.ts: 522ms, application-code: 580ms)
 GET /user/discover 200 in 1252ms (next.js: 198ms, proxy.ts: 522ms, application-code: 532ms)
 GET /user/discover 200 in 1324ms (next.js: 319ms, proxy.ts: 290ms, application-code: 715ms)
 GET /super-admin/user-360 200 in 1253ms (next.js: 89ms, proxy.ts: 103ms, application-code: 1061ms)
 GET /user/discover 200 in 1509ms (next.js: 32ms, proxy.ts: 334ms, application-code: 1144ms)
 GET /user/discover 200 in 1477ms (next.js: 64ms, proxy.ts: 137ms, application-code: 1276ms)
 GET /super-admin/user-360 200 in 1337ms (next.js: 77ms, proxy.ts: 98ms, application-code: 1162ms)
 GET /super-admin/user-360 200 in 1333ms (next.js: 210ms, proxy.ts: 96ms, application-code: 1027ms)
 GET /super-admin/user-360 200 in 1333ms (next.js: 277ms, proxy.ts: 107ms, application-code: 949ms)
 GET /super-admin/user-360 200 in 1376ms (next.js: 388ms, proxy.ts: 112ms, application-code: 876ms)
 GET /user/discover 200 in 1465ms (next.js: 146ms, proxy.ts: 98ms, application-code: 1221ms)
 GET /super-admin/user-360 200 in 1380ms (next.js: 213ms, proxy.ts: 354ms, application-code: 813ms)
 GET /user/discover 200 in 1401ms (next.js: 151ms, proxy.ts: 353ms, application-code: 897ms)
 GET /user/discover 200 in 1393ms (next.js: 447ms, proxy.ts: 355ms, application-code: 591ms)
 GET /user/discover 200 in 1400ms (next.js: 337ms, proxy.ts: 355ms, application-code: 708ms)
 GET /user/discover 200 in 1400ms (next.js: 387ms, proxy.ts: 355ms, application-code: 658ms)
 GET /user/discover 200 in 1178ms (next.js: 45ms, proxy.ts: 426ms, application-code: 706ms)
 GET /user/discover 200 in 1170ms (next.js: 190ms, proxy.ts: 423ms, application-code: 557ms)
 GET /user/discover 200 in 1174ms (next.js: 148ms, proxy.ts: 424ms, application-code: 603ms)
 GET /user/discover 200 in 1180ms (next.js: 89ms, proxy.ts: 425ms, application-code: 666ms)
 GET /user/discover 200 in 1247ms (next.js: 237ms, proxy.ts: 428ms, application-code: 582ms)
 GET /super-admin/user-360 200 in 825ms (next.js: 33ms, proxy.ts: 289ms, application-code: 503ms)
 GET /user/discover 200 in 959ms (next.js: 88ms, proxy.ts: 290ms, application-code: 581ms)
 GET /super-admin/user-360 200 in 667ms (next.js: 103ms, proxy.ts: 44ms, application-code: 520ms)
 GET /user/discover 200 in 747ms (next.js: 48ms, proxy.ts: 107ms, application-code: 592ms)
 GET /super-admin/user-360 200 in 667ms (next.js: 168ms, proxy.ts: 43ms, application-code: 456ms)
 GET /user/discover 200 in 651ms (next.js: 242ms, proxy.ts: 40ms, application-code: 370ms)
 GET /user/discover 200 in 543ms (next.js: 42ms, proxy.ts: 234ms, application-code: 267ms)
 GET /user/discover 200 in 548ms (next.js: 106ms, proxy.ts: 235ms, application-code: 208ms)
 GET /user/discover 200 in 306ms (next.js: 154ms, proxy.ts: 22ms, application-code: 129ms)
 GET /user/discover 200 in 305ms (next.js: 218ms, proxy.ts: 22ms, application-code: 65ms)
✓ Compiled in 11.3s
 GET /super-admin/user-360 200 in 16.6s (next.js: 8.9s, proxy.ts: 26ms, application-code: 7.6s)
 GET /user/discover 200 in 16.7s (next.js: 10.2s, proxy.ts: 106ms, application-code: 6.4s)
 GET /user/discover 200 in 16.6s (next.js: 10.2s, proxy.ts: 25ms, application-code: 6.4s)
 GET /super-admin/user-360 200 in 1941ms (next.js: 622ms, proxy.ts: 317ms, application-code: 1001ms)
 GET /user/discover 200 in 1962ms (next.js: 290ms, proxy.ts: 315ms, application-code: 1358ms)
 GET /user/discover 200 in 1969ms (next.js: 484ms, proxy.ts: 312ms, application-code: 1173ms)
 GET /super-admin/user-360 200 in 1527ms (next.js: 466ms, proxy.ts: 137ms, application-code: 923ms)
 GET /user/discover 200 in 1620ms (next.js: 423ms, proxy.ts: 139ms, application-code: 1058ms)
 GET /user/discover 200 in 1641ms (next.js: 94ms, proxy.ts: 141ms, application-code: 1406ms)
 GET /super-admin/user-360 200 in 1169ms (next.js: 477ms, proxy.ts: 79ms, application-code: 612ms)
 GET /super-admin/user-360 200 in 1259ms (next.js: 529ms, proxy.ts: 79ms, application-code: 651ms)
 GET /super-admin/user-360 200 in 1267ms (next.js: 594ms, proxy.ts: 78ms, application-code: 595ms)
 GET /user/discover 200 in 1292ms (next.js: 118ms, proxy.ts: 81ms, application-code: 1094ms)
 GET /user/discover 200 in 1294ms (next.js: 161ms, proxy.ts: 81ms, application-code: 1052ms)
 GET /user/discover 200 in 1301ms (next.js: 62ms, proxy.ts: 80ms, application-code: 1159ms)
 GET /user/discover 200 in 1297ms (next.js: 213ms, proxy.ts: 81ms, application-code: 1003ms)
 GET /super-admin/user-360 200 in 1280ms (next.js: 643ms, proxy.ts: 77ms, application-code: 560ms)
 GET /user/discover 200 in 1301ms (next.js: 267ms, proxy.ts: 81ms, application-code: 953ms)
 GET /user/discover 200 in 1300ms (next.js: 381ms, proxy.ts: 80ms, application-code: 840ms)
 GET /user/discover 200 in 1309ms (next.js: 323ms, proxy.ts: 81ms, application-code: 905ms)
 GET /user/discover 200 in 1304ms (next.js: 439ms, proxy.ts: 79ms, application-code: 786ms)
 GET /super-admin/user-360 200 in 1432ms (next.js: 33ms, proxy.ts: 680ms, application-code: 718ms)
 GET /user/discover 200 in 961ms (next.js: 101ms, proxy.ts: 129ms, application-code: 732ms)
 GET /user/discover 200 in 961ms (next.js: 162ms, proxy.ts: 129ms, application-code: 670ms)
 GET /super-admin/user-360 200 in 1422ms (next.js: 50ms, proxy.ts: 250ms, application-code: 1123ms)
 GET /user/discover 200 in 1286ms (next.js: 152ms, proxy.ts: 48ms, application-code: 1086ms)
 GET /user/discover 200 in 1298ms (next.js: 222ms, proxy.ts: 47ms, application-code: 1029ms)
 GET /super-admin/user-360 200 in 1296ms (next.js: 72ms, proxy.ts: 209ms, application-code: 1015ms)
 GET /super-admin/user-360 200 in 1246ms (next.js: 106ms, proxy.ts: 104ms, application-code: 1036ms)
 GET /super-admin/user-360 200 in 1238ms (next.js: 152ms, proxy.ts: 98ms, application-code: 989ms)
 GET /super-admin/user-360 200 in 1215ms (next.js: 460ms, proxy.ts: 82ms, application-code: 673ms)
 GET /user/discover 200 in 1250ms (next.js: 267ms, proxy.ts: 92ms, application-code: 891ms)
 GET /user/discover 200 in 1251ms (next.js: 341ms, proxy.ts: 91ms, application-code: 819ms)
 GET /user/discover 200 in 1230ms (next.js: 561ms, proxy.ts: 73ms, application-code: 596ms)
 GET /user/discover 200 in 1262ms (next.js: 198ms, proxy.ts: 92ms, application-code: 972ms)
 GET /user/discover 200 in 1242ms (next.js: 518ms, proxy.ts: 78ms, application-code: 646ms)
 GET /user/discover 200 in 1254ms (next.js: 406ms, proxy.ts: 85ms, application-code: 763ms)
 GET /user/discover 200 in 1337ms (next.js: 609ms, proxy.ts: 73ms, application-code: 654ms)
 GET /user/discover 200 in 1337ms (next.js: 668ms, proxy.ts: 73ms, application-code: 596ms)
 GET /super-admin/user-360 200 in 1272ms (next.js: 37ms, proxy.ts: 677ms, application-code: 558ms)
 GET /user/discover 200 in 932ms (next.js: 107ms, proxy.ts: 150ms, application-code: 675ms)
 GET /user/discover 200 in 931ms (next.js: 162ms, proxy.ts: 149ms, application-code: 620ms)
 GET /super-admin/user-360 200 in 1122ms (next.js: 58ms, proxy.ts: 237ms, application-code: 827ms)
 GET /user/discover 200 in 1036ms (next.js: 103ms, proxy.ts: 103ms, application-code: 830ms)
 GET /user/discover 200 in 1041ms (next.js: 60ms, proxy.ts: 104ms, application-code: 878ms)
 GET /super-admin/user-360 200 in 1096ms (next.js: 112ms, proxy.ts: 144ms, application-code: 840ms)
 GET /super-admin/user-360 200 in 1143ms (next.js: 150ms, proxy.ts: 142ms, application-code: 851ms)
 GET /super-admin/user-360 200 in 1129ms (next.js: 164ms, proxy.ts: 161ms, application-code: 804ms)
 GET /super-admin/user-360 200 in 1043ms (next.js: 200ms, proxy.ts: 86ms, application-code: 757ms)
 GET /user/discover 200 in 1052ms (next.js: 179ms, proxy.ts: 131ms, application-code: 742ms)
 GET /user/discover 200 in 1047ms (next.js: 298ms, proxy.ts: 128ms, application-code: 621ms)
 GET /user/discover 200 in 1054ms (next.js: 219ms, proxy.ts: 130ms, application-code: 705ms)
 GET /user/discover 200 in 1053ms (next.js: 259ms, proxy.ts: 128ms, application-code: 666ms)
 GET /user/discover 200 in 1052ms (next.js: 349ms, proxy.ts: 129ms, application-code: 574ms)
 GET /user/discover 200 in 1053ms (next.js: 405ms, proxy.ts: 130ms, application-code: 518ms)
 GET /user/discover 200 in 1126ms (next.js: 410ms, proxy.ts: 142ms, application-code: 574ms)
 GET /super-admin/user-360 200 in 1057ms (next.js: 412ms, proxy.ts: 158ms, application-code: 486ms)
 GET /user/discover 200 in 1144ms (next.js: 418ms, proxy.ts: 187ms, application-code: 539ms)
 GET /user/discover 200 in 855ms (next.js: 27ms, proxy.ts: 160ms, application-code: 667ms)
 GET /super-admin/user-360 200 in 749ms (next.js: 185ms, proxy.ts: 62ms, application-code: 502ms)
 GET /user/discover 200 in 855ms (next.js: 68ms, proxy.ts: 160ms, application-code: 627ms)
 GET /user/discover 200 in 1200ms (next.js: 50ms, proxy.ts: 91ms, application-code: 1058ms)
 GET /super-admin/user-360 200 in 1126ms (next.js: 176ms, proxy.ts: 36ms, application-code: 914ms)
 GET /user/discover 200 in 1200ms (next.js: 106ms, proxy.ts: 89ms, application-code: 1004ms)
 GET /super-admin/user-360 200 in 1164ms (next.js: 127ms, proxy.ts: 151ms, application-code: 886ms)
 GET /super-admin/user-360 200 in 1161ms (next.js: 173ms, proxy.ts: 158ms, application-code: 830ms)
 GET /super-admin/user-360 200 in 1164ms (next.js: 150ms, proxy.ts: 218ms, application-code: 796ms)
 GET /user/discover 200 in 1045ms (next.js: 127ms, proxy.ts: 149ms, application-code: 770ms)
 GET /user/discover 200 in 1044ms (next.js: 199ms, proxy.ts: 148ms, application-code: 697ms)
 GET /user/discover 200 in 1046ms (next.js: 255ms, proxy.ts: 149ms, application-code: 643ms)
 GET /user/discover 200 in 1047ms (next.js: 302ms, proxy.ts: 149ms, application-code: 596ms)
 GET /user/discover 200 in 1046ms (next.js: 394ms, proxy.ts: 148ms, application-code: 504ms)
 GET /user/discover 200 in 1049ms (next.js: 351ms, proxy.ts: 149ms, application-code: 549ms)
 GET /super-admin/user-360 200 in 1066ms (next.js: 494ms, proxy.ts: 163ms, application-code: 409ms)
 GET /user/discover 200 in 1090ms (next.js: 406ms, proxy.ts: 133ms, application-code: 551ms)
 GET /user/discover 200 in 1163ms (next.js: 540ms, proxy.ts: 163ms, application-code: 460ms)
 GET /super-admin/user-360 200 in 1080ms (next.js: 56ms, proxy.ts: 572ms, application-code: 452ms)
 GET /user/discover 200 in 1296ms (next.js: 17ms, proxy.ts: 573ms, application-code: 706ms)
 GET /user/discover 200 in 983ms (next.js: 102ms, proxy.ts: 245ms, application-code: 636ms)
 GET /super-admin/user-360 200 in 1379ms (next.js: 96ms, proxy.ts: 29ms, application-code: 1254ms)
 GET /user/discover 200 in 1487ms (next.js: 43ms, proxy.ts: 30ms, application-code: 1413ms)
 GET /super-admin/user-360 200 in 1557ms (next.js: 237ms, proxy.ts: 30ms, application-code: 1290ms)
 GET /user/discover 200 in 1578ms (next.js: 146ms, proxy.ts: 34ms, application-code: 1398ms)
 GET /super-admin/user-360 200 in 1570ms (next.js: 215ms, proxy.ts: 133ms, application-code: 1222ms)
 GET /super-admin/user-360 200 in 1580ms (next.js: 228ms, proxy.ts: 201ms, application-code: 1152ms)
 GET /super-admin/user-360 200 in 2.3s (next.js: 559ms, proxy.ts: 296ms, application-code: 1409ms)
 GET /user/discover 200 in 2.3s (next.js: 184ms, proxy.ts: 198ms, application-code: 1921ms)
 GET /user/discover 200 in 2.3s (next.js: 253ms, proxy.ts: 197ms, application-code: 1859ms)
 GET /user/discover 200 in 2.3s (next.js: 298ms, proxy.ts: 199ms, application-code: 1809ms)
 GET /user/discover 200 in 2.3s (next.js: 357ms, proxy.ts: 199ms, application-code: 1750ms)
 GET /user/discover 200 in 2.3s (next.js: 413ms, proxy.ts: 194ms, application-code: 1693ms)
 GET /user/discover 200 in 2.3s (next.js: 547ms, proxy.ts: 194ms, application-code: 1560ms)
 GET /user/discover 200 in 2.3s (next.js: 613ms, proxy.ts: 296ms, application-code: 1429ms)
 GET /super-admin/user-360 200 in 2.2s (next.js: 205ms, proxy.ts: 541ms, application-code: 1460ms)
 GET /user/discover 200 in 2.3s (next.js: 651ms, proxy.ts: 157ms, application-code: 1521ms)
 GET /user/discover 200 in 2.3s (next.js: 160ms, proxy.ts: 646ms, application-code: 1482ms)
 GET /user/discover 200 in 1792ms (next.js: 188ms, proxy.ts: 204ms, application-code: 1401ms)
 GET /super-admin/user-360 200 in 1789ms (next.js: 282ms, proxy.ts: 138ms, application-code: 1369ms)
 GET /super-admin/user-360 200 in 1772ms (next.js: 776ms, proxy.ts: 233ms, application-code: 763ms)
 GET /user/discover 200 in 1847ms (next.js: 768ms, proxy.ts: 195ms, application-code: 884ms)
 GET /super-admin/user-360 200 in 1717ms (next.js: 199ms, proxy.ts: 798ms, application-code: 720ms)
 GET /super-admin/user-360 200 in 1718ms (next.js: 246ms, proxy.ts: 737ms, application-code: 734ms)
 GET /user/discover 200 in 1846ms (next.js: 157ms, proxy.ts: 835ms, application-code: 854ms)
 GET /super-admin/user-360 200 in 962ms (next.js: 65ms, proxy.ts: 237ms, application-code: 660ms)
 GET /user/discover 200 in 1022ms (next.js: 101ms, proxy.ts: 196ms, application-code: 726ms)
 GET /user/discover 200 in 1025ms (next.js: 137ms, proxy.ts: 195ms, application-code: 693ms)
 GET /user/discover 200 in 1029ms (next.js: 177ms, proxy.ts: 195ms, application-code: 657ms)
 GET /user/discover 200 in 1034ms (next.js: 217ms, proxy.ts: 195ms, application-code: 622ms)
 GET /user/discover 200 in 1038ms (next.js: 261ms, proxy.ts: 195ms, application-code: 582ms)
 GET /user/discover 200 in 1043ms (next.js: 299ms, proxy.ts: 195ms, application-code: 549ms)
 GET /super-admin/user-360 200 in 920ms (next.js: 324ms, proxy.ts: 96ms, application-code: 500ms)
 GET /user/discover 200 in 994ms (next.js: 332ms, proxy.ts: 100ms, application-code: 561ms)
 GET /user/discover 200 in 1005ms (next.js: 372ms, proxy.ts: 95ms, application-code: 538ms)
 GET /user/discover 200 in 1103ms (next.js: 136ms, proxy.ts: 313ms, application-code: 655ms)
 GET /user/discover 200 in 947ms (next.js: 102ms, proxy.ts: 170ms, application-code: 676ms)
 GET /super-admin/user-360 200 in 1605ms (next.js: 56ms, proxy.ts: 145ms, application-code: 1404ms)
 GET /super-admin/user-360 200 in 1484ms (next.js: 85ms, proxy.ts: 41ms, application-code: 1358ms)
 GET /super-admin/user-360 200 in 1539ms (next.js: 168ms, proxy.ts: 81ms, application-code: 1291ms)
 GET /user/discover 200 in 1554ms (next.js: 156ms, proxy.ts: 32ms, application-code: 1366ms)
 GET /super-admin/user-360 200 in 1672ms (next.js: 201ms, proxy.ts: 121ms, application-code: 1351ms)
 GET /super-admin/user-360 200 in 1625ms (next.js: 169ms, proxy.ts: 210ms, application-code: 1246ms)
 GET /user/discover 200 in 1702ms (next.js: 260ms, proxy.ts: 121ms, application-code: 1322ms)
 GET /super-admin/user-360 200 in 1673ms (next.js: 642ms, proxy.ts: 270ms, application-code: 761ms)
 GET /user/discover 200 in 1774ms (next.js: 244ms, proxy.ts: 154ms, application-code: 1376ms)
 GET /user/discover 200 in 1775ms (next.js: 407ms, proxy.ts: 154ms, application-code: 1214ms)
 GET /user/discover 200 in 1775ms (next.js: 496ms, proxy.ts: 154ms, application-code: 1125ms)
 GET /user/discover 200 in 1778ms (next.js: 341ms, proxy.ts: 154ms, application-code: 1283ms)
 GET /user/discover 200 in 1778ms (next.js: 572ms, proxy.ts: 154ms, application-code: 1052ms)
 GET /user/discover 200 in 1779ms (next.js: 645ms, proxy.ts: 154ms, application-code: 980ms)
 GET /user/discover 200 in 1842ms (next.js: 728ms, proxy.ts: 274ms, application-code: 841ms)
 GET /user/discover 200 in 1877ms (next.js: 786ms, proxy.ts: 230ms, application-code: 861ms)
 GET /user/discover 200 in 1692ms (next.js: 113ms, proxy.ts: 766ms, application-code: 813ms)
 GET /user/discover 200 in 1181ms (next.js: 169ms, proxy.ts: 257ms, application-code: 755ms)
 GET /super-admin/user-360 200 in 1217ms (next.js: 61ms, proxy.ts: 162ms, application-code: 995ms)
 GET /super-admin/user-360 200 in 1276ms (next.js: 130ms, proxy.ts: 170ms, application-code: 975ms)
 GET /super-admin/user-360 200 in 1190ms (next.js: 187ms, proxy.ts: 43ms, application-code: 961ms)
 GET /super-admin/user-360 200 in 1245ms (next.js: 270ms, proxy.ts: 106ms, application-code: 868ms)
 GET /user/discover 200 in 1280ms (next.js: 204ms, proxy.ts: 111ms, application-code: 965ms)
 GET /super-admin/user-360 200 in 1307ms (next.js: 219ms, proxy.ts: 188ms, application-code: 900ms)
 GET /user/discover 200 in 1390ms (next.js: 274ms, proxy.ts: 191ms, application-code: 926ms)
 GET /super-admin/user-360 200 in 1172ms (next.js: 56ms, proxy.ts: 174ms, application-code: 942ms)
 GET /user/discover 200 in 1245ms (next.js: 146ms, proxy.ts: 175ms, application-code: 924ms)
 GET /user/discover 200 in 1250ms (next.js: 106ms, proxy.ts: 174ms, application-code: 969ms)
 GET /user/discover 200 in 1248ms (next.js: 191ms, proxy.ts: 176ms, application-code: 881ms)
 GET /user/discover 200 in 1247ms (next.js: 238ms, proxy.ts: 176ms, application-code: 834ms)
 GET /user/discover 200 in 1246ms (next.js: 287ms, proxy.ts: 174ms, application-code: 785ms)
 GET /user/discover 200 in 1318ms (next.js: 389ms, proxy.ts: 176ms, application-code: 753ms)
 GET /user/discover 200 in 1258ms (next.js: 443ms, proxy.ts: 48ms, application-code: 767ms)
 GET /user/discover 200 in 1306ms (next.js: 159ms, proxy.ts: 374ms, application-code: 773ms)
 GET /user/discover 200 in 1054ms (next.js: 118ms, proxy.ts: 140ms, application-code: 796ms)
 GET /super-admin/user-360 200 in 976ms (next.js: 168ms, proxy.ts: 152ms, application-code: 656ms)
 GET /user/discover 200 in 1056ms (next.js: 177ms, proxy.ts: 138ms, application-code: 741ms)
 GET /super-admin/user-360 200 in 1123ms (next.js: 113ms, proxy.ts: 151ms, application-code: 859ms)
 GET /super-admin/user-360 200 in 1181ms (next.js: 163ms, proxy.ts: 154ms, application-code: 864ms)
 GET /super-admin/user-360 200 in 1122ms (next.js: 163ms, proxy.ts: 98ms, application-code: 861ms)
 GET /user/discover 200 in 1353ms (next.js: 163ms, proxy.ts: 150ms, application-code: 1040ms)
 GET /super-admin/user-360 200 in 1276ms (next.js: 181ms, proxy.ts: 147ms, application-code: 948ms)
 GET /super-admin/user-360 200 in 1437ms (next.js: 200ms, proxy.ts: 163ms, application-code: 1073ms)
 GET /user/discover 200 in 1520ms (next.js: 180ms, proxy.ts: 152ms, application-code: 1188ms)
 GET /user/discover 200 in 1592ms (next.js: 139ms, proxy.ts: 163ms, application-code: 1290ms)
 GET /user/discover 200 in 1596ms (next.js: 189ms, proxy.ts: 162ms, application-code: 1246ms)
 GET /user/discover 200 in 1601ms (next.js: 237ms, proxy.ts: 162ms, application-code: 1202ms)
 GET /user/discover 200 in 1603ms (next.js: 287ms, proxy.ts: 162ms, application-code: 1154ms)
 GET /user/discover 200 in 1603ms (next.js: 318ms, proxy.ts: 187ms, application-code: 1097ms)
 GET /user/discover 200 in 1859ms (next.js: 318ms, proxy.ts: 182ms, application-code: 1359ms)
 GET /user/discover 200 in 1793ms (next.js: 111ms, proxy.ts: 361ms, application-code: 1322ms)
 GET /user/discover 200 in 2.0s (next.js: 160ms, proxy.ts: 301ms, application-code: 1581ms)
 GET /super-admin/user-360 200 in 1764ms (next.js: 357ms, proxy.ts: 153ms, application-code: 1254ms)
 GET /user/discover 200 in 1797ms (next.js: 216ms, proxy.ts: 96ms, application-code: 1485ms)
 GET /super-admin/user-360 200 in 1713ms (next.js: 331ms, proxy.ts: 197ms, application-code: 1186ms)
 GET /user/discover 200 in 2.3s (next.js: 267ms, proxy.ts: 146ms, application-code: 1898ms)
 GET /super-admin/user-360 200 in 2.3s (next.js: 325ms, proxy.ts: 255ms, application-code: 1713ms)
 GET /super-admin/user-360 200 in 2.2s (next.js: 205ms, proxy.ts: 419ms, application-code: 1592ms)
 GET /super-admin/user-360 200 in 2.1s (next.js: 372ms, proxy.ts: 175ms, application-code: 1591ms)
 GET /user/discover 200 in 2.5s (next.js: 228ms, proxy.ts: 176ms, application-code: 2.1s)
 GET /super-admin/user-360 200 in 2.5s (next.js: 558ms, proxy.ts: 185ms, application-code: 1730ms)
 GET /user/discover 200 in 2.6s (next.js: 378ms, proxy.ts: 183ms, application-code: 2.1s)
 GET /user/discover 200 in 2.6s (next.js: 682ms, proxy.ts: 349ms, application-code: 1595ms)
 GET /user/discover 200 in 2.6s (next.js: 389ms, proxy.ts: 351ms, application-code: 1898ms)
 GET /user/discover 200 in 2.6s (next.js: 551ms, proxy.ts: 350ms, application-code: 1736ms)
 GET /user/discover 200 in 2.6s (next.js: 776ms, proxy.ts: 347ms, application-code: 1508ms)
 GET /user/discover 200 in 2.5s (next.js: 602ms, proxy.ts: 370ms, application-code: 1523ms)
 GET /user/discover 200 in 2.5s (next.js: 208ms, proxy.ts: 581ms, application-code: 1678ms)
 GET /user/discover 200 in 2.5s (next.js: 181ms, proxy.ts: 683ms, application-code: 1680ms)
 GET /super-admin/user-360 200 in 2.2s (next.js: 365ms, proxy.ts: 175ms, application-code: 1647ms)
 GET /user/discover 200 in 2.8s (next.js: 278ms, proxy.ts: 683ms, application-code: 1804ms)
 GET /super-admin/user-360 200 in 2.4s (next.js: 508ms, proxy.ts: 151ms, application-code: 1706ms)
 GET /user/discover 200 in 2.5s (next.js: 416ms, proxy.ts: 151ms, application-code: 1893ms)
 GET /super-admin/user-360 200 in 2.4s (next.js: 540ms, proxy.ts: 344ms, application-code: 1538ms)
 GET /user/discover 200 in 2.5s (next.js: 421ms, proxy.ts: 353ms, application-code: 1705ms)
 GET /super-admin/user-360 200 in 2.3s (next.js: 311ms, proxy.ts: 509ms, application-code: 1449ms)
 GET /super-admin/user-360 200 in 2.5s (next.js: 201ms, proxy.ts: 291ms, application-code: 1997ms)
 GET /user/discover 200 in 2.6s (next.js: 330ms, proxy.ts: 279ms, application-code: 2.0s)
 GET /super-admin/user-360 200 in 2.5s (next.js: 397ms, proxy.ts: 186ms, application-code: 1870ms)
 GET /user/discover 200 in 2.6s (next.js: 166ms, proxy.ts: 389ms, application-code: 2.0s)
 GET /user/discover 200 in 2.9s (next.js: 489ms, proxy.ts: 465ms, application-code: 1964ms)
 GET /user/discover 200 in 2.9s (next.js: 678ms, proxy.ts: 473ms, application-code: 1783ms)
 GET /user/discover 200 in 2.8s (next.js: 471ms, proxy.ts: 669ms, application-code: 1658ms)
 GET /user/discover 200 in 2.9s (next.js: 892ms, proxy.ts: 468ms, application-code: 1569ms)
 GET /user/discover 200 in 2.9s (next.js: 960ms, proxy.ts: 461ms, application-code: 1496ms)
 GET /super-admin/user-360 200 in 2.1s (next.js: 814ms, proxy.ts: 119ms, application-code: 1183ms)
 GET /user/discover 200 in 2.5s (next.js: 702ms, proxy.ts: 415ms, application-code: 1356ms)
 GET /user/discover 200 in 2.3s (next.js: 747ms, proxy.ts: 121ms, application-code: 1394ms)
 GET /super-admin/user-360 200 in 2.2s (next.js: 308ms, proxy.ts: 685ms, application-code: 1197ms)
 GET /user/discover 200 in 2.2s (next.js: 298ms, proxy.ts: 642ms, application-code: 1274ms)
 GET /super-admin/user-360 200 in 1613ms (next.js: 202ms, proxy.ts: 294ms, application-code: 1118ms)
 GET /user/discover 200 in 2.2s (next.js: 269ms, proxy.ts: 726ms, application-code: 1252ms)
 GET /super-admin/user-360 200 in 1612ms (next.js: 246ms, proxy.ts: 289ms, application-code: 1077ms)
 GET /user/discover 200 in 1685ms (next.js: 250ms, proxy.ts: 275ms, application-code: 1159ms)
 GET /super-admin/user-360 200 in 2.2s (next.js: 113ms, proxy.ts: 232ms, application-code: 1839ms)
 GET /super-admin/user-360 200 in 2.5s (next.js: 275ms, proxy.ts: 205ms, application-code: 1976ms)
 GET /user/discover 200 in 2.9s (next.js: 618ms, proxy.ts: 204ms, application-code: 2.0s)
 GET /user/discover 200 in 3.4s (next.js: 58ms, proxy.ts: 718ms, application-code: 2.6s)
 GET /super-admin/user-360 200 in 3.0s (next.js: 1016ms, proxy.ts: 111ms, application-code: 1839ms)
 GET /user/discover 200 in 3.1s (next.js: 164ms, proxy.ts: 168ms, application-code: 2.8s)
 GET /user/discover 200 in 3.1s (next.js: 305ms, proxy.ts: 168ms, application-code: 2.6s)
 GET /user/discover 200 in 3.1s (next.js: 678ms, proxy.ts: 168ms, application-code: 2.3s)
 GET /user/discover 200 in 3.1s (next.js: 423ms, proxy.ts: 168ms, application-code: 2.5s)
 GET /user/discover 200 in 3.0s (next.js: 891ms, proxy.ts: 130ms, application-code: 1998ms)
 GET /user/discover 200 in 3.0s (next.js: 1115ms, proxy.ts: 112ms, application-code: 1766ms)
 GET /super-admin/user-360 200 in 2.9s (next.js: 661ms, proxy.ts: 869ms, application-code: 1391ms)
 GET /user/discover 200 in 3.1s (next.js: 1230ms, proxy.ts: 109ms, application-code: 1745ms)
 GET /super-admin/user-360 200 in 3.0s (next.js: 576ms, proxy.ts: 1086ms, application-code: 1335ms)
 GET /user/discover 200 in 3.0s (next.js: 534ms, proxy.ts: 860ms, application-code: 1655ms)
 GET /super-admin/user-360 200 in 3.0s (next.js: 612ms, proxy.ts: 1198ms, application-code: 1183ms)
 GET /user/discover 200 in 3.1s (next.js: 783ms, proxy.ts: 1200ms, application-code: 1084ms)
 GET /user/discover 200 in 2.3s (next.js: 824ms, proxy.ts: 491ms, application-code: 966ms)
 GET /super-admin/user-360 200 in 1892ms (next.js: 566ms, proxy.ts: 564ms, application-code: 762ms)
 GET /super-admin/user-360 200 in 2.2s (next.js: 254ms, proxy.ts: 658ms, application-code: 1282ms)
 GET /user/discover 200 in 2.8s (next.js: 206ms, proxy.ts: 384ms, application-code: 2.2s)
 GET /user/discover 200 in 2.9s (next.js: 69ms, proxy.ts: 303ms, application-code: 2.5s)
 GET /super-admin/user-360 200 in 2.5s (next.js: 126ms, proxy.ts: 175ms, application-code: 2.2s)
 GET /user/discover 200 in 2.8s (next.js: 256ms, proxy.ts: 173ms, application-code: 2.3s)
 GET /user/discover 200 in 2.8s (next.js: 458ms, proxy.ts: 188ms, application-code: 2.1s)
 GET /user/discover 200 in 2.8s (next.js: 663ms, proxy.ts: 184ms, application-code: 1913ms)
 GET /super-admin/user-360 200 in 2.6s (next.js: 1015ms, proxy.ts: 93ms, application-code: 1495ms)
 GET /user/discover 200 in 2.7s (next.js: 778ms, proxy.ts: 108ms, application-code: 1786ms)
 GET /user/discover 200 in 2.7s (next.js: 867ms, proxy.ts: 99ms, application-code: 1687ms)
 GET /super-admin/user-360 200 in 2.6s (next.js: 1184ms, proxy.ts: 389ms, application-code: 1007ms)
 GET /user/discover 200 in 2.6s (next.js: 1205ms, proxy.ts: 94ms, application-code: 1343ms)
 GET /user/discover 200 in 2.8s (next.js: 1043ms, proxy.ts: 391ms, application-code: 1317ms)
 GET /super-admin/user-360 200 in 2.7s (next.js: 836ms, proxy.ts: 962ms, application-code: 914ms)
 GET /user/discover 200 in 2.7s (next.js: 931ms, proxy.ts: 735ms, application-code: 1075ms)
 GET /super-admin/user-360 200 in 2.1s (next.js: 414ms, proxy.ts: 907ms, application-code: 761ms)
 GET /user/discover 200 in 2.6s (next.js: 588ms, proxy.ts: 1003ms, application-code: 1022ms)
 GET /user/discover 200 in 2.3s (next.js: 517ms, proxy.ts: 906ms, application-code: 845ms)
 GET /super-admin/user-360 200 in 3.5s (next.js: 375ms, proxy.ts: 555ms, application-code: 2.6s)
 GET /user/discover 200 in 3.7s (next.js: 124ms, proxy.ts: 237ms, application-code: 3.4s)
 GET /user/discover 200 in 3.8s (next.js: 80ms, proxy.ts: 239ms, application-code: 3.5s)
 GET /super-admin/user-360 200 in 3.7s (next.js: 285ms, proxy.ts: 49ms, application-code: 3.4s)
 GET /super-admin/user-360 200 in 3.6s (next.js: 894ms, proxy.ts: 129ms, application-code: 2.6s)
 GET /super-admin/user-360 200 in 3.6s (next.js: 1744ms, proxy.ts: 108ms, application-code: 1719ms)
 GET /user/discover 200 in 3.7s (next.js: 264ms, proxy.ts: 201ms, application-code: 3.3s)
 GET /user/discover 200 in 3.7s (next.js: 447ms, proxy.ts: 201ms, application-code: 3.1s)
 GET /user/discover 200 in 3.7s (next.js: 668ms, proxy.ts: 208ms, application-code: 2.9s)
 GET /user/discover 200 in 3.6s (next.js: 1071ms, proxy.ts: 108ms, application-code: 2.4s)
 GET /user/discover 200 in 3.6s (next.js: 1240ms, proxy.ts: 109ms, application-code: 2.2s)
 GET /user/discover 200 in 3.6s (next.js: 1902ms, proxy.ts: 235ms, application-code: 1441ms)
 GET /super-admin/user-360 200 in 3.5s (next.js: 2.1s, proxy.ts: 768ms, application-code: 677ms)
 GET /user/discover 200 in 3.6s (next.js: 2.2s, proxy.ts: 212ms, application-code: 1157ms)
 GET /user/discover 200 in 3.6s (next.js: 1948ms, proxy.ts: 744ms, application-code: 904ms)
 GET /super-admin/user-360 200 in 3.4s (next.js: 624ms, proxy.ts: 2.2s, application-code: 631ms)
 GET /user/discover 200 in 3.0s (next.js: 453ms, proxy.ts: 1905ms, application-code: 616ms)
 GET /user/discover 200 in 1804ms (next.js: 255ms, proxy.ts: 909ms, application-code: 640ms)
 GET /super-admin/user-360 200 in 1207ms (next.js: 221ms, proxy.ts: 443ms, application-code: 544ms)
 GET /user/discover 200 in 1558ms (next.js: 127ms, proxy.ts: 203ms, application-code: 1227ms)
 GET /user/discover 200 in 1619ms (next.js: 54ms, proxy.ts: 70ms, application-code: 1495ms)
 GET /super-admin/user-360 200 in 1607ms (next.js: 151ms, proxy.ts: 73ms, application-code: 1383ms)
 GET /super-admin/user-360 200 in 1553ms (next.js: 137ms, proxy.ts: 123ms, application-code: 1293ms)
 GET /super-admin/user-360 200 in 1553ms (next.js: 183ms, proxy.ts: 123ms, application-code: 1248ms)
 GET /user/discover 200 in 1653ms (next.js: 182ms, proxy.ts: 184ms, application-code: 1286ms)
 GET /user/discover 200 in 1653ms (next.js: 229ms, proxy.ts: 183ms, application-code: 1241ms)
 GET /super-admin/user-360 200 in 1541ms (next.js: 504ms, proxy.ts: 111ms, application-code: 926ms)
 GET /user/discover 200 in 1594ms (next.js: 340ms, proxy.ts: 130ms, application-code: 1123ms)
 GET /user/discover 200 in 1581ms (next.js: 398ms, proxy.ts: 122ms, application-code: 1061ms)
 GET /user/discover 200 in 1582ms (next.js: 457ms, proxy.ts: 122ms, application-code: 1003ms)
 GET /user/discover 200 in 1569ms (next.js: 568ms, proxy.ts: 113ms, application-code: 888ms)
 GET /super-admin/user-360 200 in 1467ms (next.js: 552ms, proxy.ts: 296ms, application-code: 619ms)
 GET /user/discover 200 in 1517ms (next.js: 528ms, proxy.ts: 160ms, application-code: 829ms)
 GET /user/discover 200 in 1766ms (next.js: 482ms, proxy.ts: 295ms, application-code: 989ms)
 GET /super-admin/user-360 200 in 1452ms (next.js: 284ms, proxy.ts: 428ms, application-code: 740ms)
 GET /user/discover 200 in 1737ms (next.js: 231ms, proxy.ts: 473ms, application-code: 1032ms)
 GET /user/discover 200 in 1543ms (next.js: 173ms, proxy.ts: 429ms, application-code: 941ms)
 GET /user/discover 200 in 2.3s (next.js: 48ms, proxy.ts: 243ms, application-code: 1971ms)
 GET /super-admin/user-360 200 in 2.3s (next.js: 252ms, proxy.ts: 125ms, application-code: 1941ms)
 GET /super-admin/user-360 200 in 2.4s (next.js: 387ms, proxy.ts: 129ms, application-code: 1868ms)
 GET /user/discover 200 in 2.4s (next.js: 142ms, proxy.ts: 124ms, application-code: 2.2s)
 GET /super-admin/user-360 200 in 2.3s (next.js: 485ms, proxy.ts: 62ms, application-code: 1764ms)
 GET /super-admin/user-360 200 in 2.3s (next.js: 333ms, proxy.ts: 347ms, application-code: 1612ms)
 GET /user/discover 200 in 2.3s (next.js: 249ms, proxy.ts: 346ms, application-code: 1727ms)
 GET /user/discover 200 in 2.3s (next.js: 292ms, proxy.ts: 347ms, application-code: 1685ms)
 GET /super-admin/user-360 200 in 2.0s (next.js: 784ms, proxy.ts: 257ms, application-code: 982ms)
 GET /user/discover 200 in 2.3s (next.js: 315ms, proxy.ts: 405ms, application-code: 1536ms)
 GET /user/discover 200 in 2.3s (next.js: 460ms, proxy.ts: 402ms, application-code: 1395ms)
 GET /user/discover 200 in 2.3s (next.js: 535ms, proxy.ts: 267ms, application-code: 1465ms)
 GET /user/discover 200 in 2.3s (next.js: 676ms, proxy.ts: 257ms, application-code: 1320ms)
 GET /user/discover 200 in 2.2s (next.js: 937ms, proxy.ts: 213ms, application-code: 1072ms)
 GET /user/discover 200 in 2.2s (next.js: 941ms, proxy.ts: 289ms, application-code: 973ms)
 GET /super-admin/user-360 200 in 2.1s (next.js: 384ms, proxy.ts: 903ms, application-code: 833ms)
 GET /user/discover 200 in 2.2s (next.js: 510ms, proxy.ts: 903ms, application-code: 785ms)
 GET /user/discover 200 in 1805ms (next.js: 323ms, proxy.ts: 789ms, application-code: 693ms)
 GET /super-admin/user-360 200 in 2.1s (next.js: 171ms, proxy.ts: 41ms, application-code: 1915ms)
 GET /super-admin/user-360 200 in 2.2s (next.js: 280ms, proxy.ts: 45ms, application-code: 1862ms)
 GET /user/discover 200 in 2.3s (next.js: 86ms, proxy.ts: 119ms, application-code: 2.1s)
 GET /super-admin/user-360 200 in 2.2s (next.js: 181ms, proxy.ts: 249ms, application-code: 1819ms)
 GET /user/discover 200 in 2.3s (next.js: 321ms, proxy.ts: 48ms, application-code: 1901ms)
 GET /super-admin/user-360 200 in 2.2s (next.js: 115ms, proxy.ts: 363ms, application-code: 1765ms)
 GET /super-admin/user-360 200 in 2.0s (next.js: 309ms, proxy.ts: 140ms, application-code: 1567ms)
 GET /user/discover 200 in 2.1s (next.js: 162ms, proxy.ts: 141ms, application-code: 1809ms)
 GET /user/discover 200 in 2.1s (next.js: 221ms, proxy.ts: 140ms, application-code: 1752ms)
 GET /user/discover 200 in 2.2s (next.js: 363ms, proxy.ts: 189ms, application-code: 1621ms)
 GET /user/discover 200 in 2.2s (next.js: 578ms, proxy.ts: 188ms, application-code: 1408ms)
 GET /user/discover 200 in 2.1s (next.js: 918ms, proxy.ts: 89ms, application-code: 1127ms)
 GET /user/discover 200 in 2.1s (next.js: 1015ms, proxy.ts: 90ms, application-code: 1032ms)
 GET /super-admin/user-360 200 in 2.1s (next.js: 1095ms, proxy.ts: 321ms, application-code: 642ms)
 GET /user/discover 200 in 2.1s (next.js: 1130ms, proxy.ts: 141ms, application-code: 871ms)
 GET /user/discover 200 in 2.2s (next.js: 1211ms, proxy.ts: 319ms, application-code: 698ms)
 GET /user/discover 200 in 2.3s (next.js: 451ms, proxy.ts: 1080ms, application-code: 719ms)
 GET /user/discover 200 in 1615ms (next.js: 101ms, proxy.ts: 685ms, application-code: 828ms)
 GET /super-admin/user-360 200 in 1803ms (next.js: 51ms, proxy.ts: 99ms, application-code: 1653ms)
 GET /super-admin/user-360 200 in 1830ms (next.js: 128ms, proxy.ts: 39ms, application-code: 1663ms)
 GET /super-admin/user-360 200 in 1811ms (next.js: 196ms, proxy.ts: 114ms, application-code: 1501ms)
 GET /user/discover 200 in 1850ms (next.js: 193ms, proxy.ts: 45ms, application-code: 1613ms)
 GET /user/discover 200 in 1829ms (next.js: 262ms, proxy.ts: 114ms, application-code: 1453ms)
 GET /super-admin/user-360 200 in 1816ms (next.js: 216ms, proxy.ts: 242ms, application-code: 1357ms)
 GET /super-admin/user-360 200 in 1846ms (next.js: 276ms, proxy.ts: 171ms, application-code: 1399ms)
 GET /user/discover 200 in 1972ms (next.js: 292ms, proxy.ts: 185ms, application-code: 1495ms)
 GET /user/discover 200 in 1993ms (next.js: 414ms, proxy.ts: 199ms, application-code: 1380ms)
 GET /super-admin/user-360 200 in 1805ms (next.js: 718ms, proxy.ts: 271ms, application-code: 816ms)
 GET /user/discover 200 in 1934ms (next.js: 414ms, proxy.ts: 274ms, application-code: 1247ms)
 GET /user/discover 200 in 2.2s (next.js: 445ms, proxy.ts: 250ms, application-code: 1478ms)
 GET /user/discover 200 in 2.0s (next.js: 611ms, proxy.ts: 270ms, application-code: 1143ms)
 GET /user/discover 200 in 2.1s (next.js: 499ms, proxy.ts: 265ms, application-code: 1382ms)
 GET /user/discover 200 in 2.1s (next.js: 829ms, proxy.ts: 269ms, application-code: 1024ms)
 GET /user/discover 200 in 2.2s (next.js: 747ms, proxy.ts: 406ms, application-code: 1094ms)
 GET /user/discover 200 in 3.0s (next.js: 53ms, proxy.ts: 608ms, application-code: 2.3s)
 GET /super-admin/user-360 200 in 2.4s (next.js: 284ms, proxy.ts: 25ms, application-code: 2.0s)
 GET /user/discover 200 in 3.6s (next.js: 449ms, proxy.ts: 791ms, application-code: 2.4s)
 GET /super-admin/user-360 200 in 2.7s (next.js: 309ms, proxy.ts: 154ms, application-code: 2.2s)
 GET /super-admin/user-360 200 in 2.6s (next.js: 165ms, proxy.ts: 382ms, application-code: 2.1s)
 GET /super-admin/user-360 200 in 2.4s (next.js: 358ms, proxy.ts: 174ms, application-code: 1871ms)
 GET /user/discover 200 in 2.5s (next.js: 264ms, proxy.ts: 278ms, application-code: 2.0s)
 GET /super-admin/user-360 200 in 2.3s (next.js: 466ms, proxy.ts: 142ms, application-code: 1667ms)
 GET /user/discover 200 in 2.5s (next.js: 456ms, proxy.ts: 173ms, application-code: 1843ms)
 GET /super-admin/user-360 200 in 2.2s (next.js: 167ms, proxy.ts: 496ms, application-code: 1553ms)
 GET /user/discover 200 in 2.4s (next.js: 404ms, proxy.ts: 497ms, application-code: 1511ms)
 GET /user/discover 200 in 2.4s (next.js: 918ms, proxy.ts: 496ms, application-code: 996ms)
 GET /user/discover 200 in 2.3s (next.js: 1075ms, proxy.ts: 398ms, application-code: 826ms)
 GET /user/discover 200 in 2.2s (next.js: 1213ms, proxy.ts: 206ms, application-code: 754ms)
 GET /user/discover 200 in 2.2s (next.js: 1146ms, proxy.ts: 205ms, application-code: 821ms)
 GET /user/discover 200 in 2.2s (next.js: 1265ms, proxy.ts: 205ms, application-code: 703ms)
 GET /user/discover 200 in 2.2s (next.js: 1298ms, proxy.ts: 81ms, application-code: 777ms)
 GET /user/discover 200 in 2.2s (next.js: 343ms, proxy.ts: 1058ms, application-code: 777ms)
 GET /super-admin/user-360 200 in 904ms (next.js: 85ms, proxy.ts: 87ms, application-code: 732ms)
 GET /user/discover 200 in 1075ms (next.js: 39ms, proxy.ts: 136ms, application-code: 900ms)
 GET /user/discover 200 in 1078ms (next.js: 128ms, proxy.ts: 87ms, application-code: 863ms)
 GET /super-admin/user-360 200 in 1159ms (next.js: 53ms, proxy.ts: 180ms, application-code: 926ms)
 GET /super-admin/user-360 200 in 1159ms (next.js: 122ms, proxy.ts: 180ms, application-code: 857ms)
 GET /super-admin/user-360 200 in 1230ms (next.js: 216ms, proxy.ts: 143ms, application-code: 871ms)
 GET /super-admin/user-360 200 in 1123ms (next.js: 219ms, proxy.ts: 182ms, application-code: 721ms)
 GET /user/discover 200 in 1229ms (next.js: 158ms, proxy.ts: 183ms, application-code: 889ms)
 GET /super-admin/user-360 200 in 1225ms (next.js: 223ms, proxy.ts: 139ms, application-code: 863ms)
 GET /user/discover 200 in 1399ms (next.js: 247ms, proxy.ts: 206ms, application-code: 947ms)
 GET /user/discover 200 in 2.0s (next.js: 114ms, proxy.ts: 221ms, application-code: 1690ms)
 GET /user/discover 200 in 2.0s (next.js: 163ms, proxy.ts: 206ms, application-code: 1643ms)
 GET /user/discover 200 in 1895ms (next.js: 154ms, proxy.ts: 148ms, application-code: 1593ms)
 GET /user/discover 200 in 1840ms (next.js: 199ms, proxy.ts: 96ms, application-code: 1546ms)
 GET /user/discover 200 in 1839ms (next.js: 296ms, proxy.ts: 96ms, application-code: 1447ms)
 GET /user/discover 200 in 1843ms (next.js: 246ms, proxy.ts: 96ms, application-code: 1501ms)
 GET /user/discover 200 in 2.2s (next.js: 356ms, proxy.ts: 95ms, application-code: 1763ms)
 GET /user/discover 200 in 2.4s (next.js: 309ms, proxy.ts: 138ms, application-code: 1910ms)
 GET /super-admin/user-360 200 in 2.2s (next.js: 68ms, proxy.ts: 298ms, application-code: 1849ms)
 GET /user/discover 200 in 2.2s (next.js: 128ms, proxy.ts: 146ms, application-code: 1884ms)
 GET /super-admin/user-360 200 in 2.0s (next.js: 771ms, proxy.ts: 50ms, application-code: 1199ms)
 GET /super-admin/user-360 200 in 2.0s (next.js: 1008ms, proxy.ts: 49ms, application-code: 964ms)
 GET /user/discover 200 in 2.1s (next.js: 317ms, proxy.ts: 84ms, application-code: 1702ms)
 GET /super-admin/user-360 200 in 2.6s (next.js: 694ms, proxy.ts: 641ms, application-code: 1269ms)
 GET /super-admin/user-360 200 in 2.5s (next.js: 98ms, proxy.ts: 1064ms, application-code: 1383ms)
 GET /super-admin/user-360 200 in 1531ms (next.js: 439ms, proxy.ts: 47ms, application-code: 1045ms)
 GET /user/discover 200 in 2.1s (next.js: 319ms, proxy.ts: 536ms, application-code: 1203ms)
 GET /user/discover 200 in 1840ms (next.js: 543ms, proxy.ts: 47ms, application-code: 1250ms)
 GET /user/discover 200 in 1619ms (next.js: 125ms, proxy.ts: 276ms, application-code: 1218ms)
 GET /user/discover 200 in 1644ms (next.js: 267ms, proxy.ts: 276ms, application-code: 1101ms)
 GET /user/discover 200 in 2.0s (next.js: 359ms, proxy.ts: 629ms, application-code: 1046ms)
 GET /user/discover 200 in 2.0s (next.js: 437ms, proxy.ts: 628ms, application-code: 977ms)
 GET /user/discover 200 in 1435ms (next.js: 448ms, proxy.ts: 109ms, application-code: 878ms)
 GET /user/discover 200 in 1463ms (next.js: 443ms, proxy.ts: 88ms, application-code: 931ms)
 GET /user/discover 200 in 1531ms (next.js: 507ms, proxy.ts: 106ms, application-code: 918ms)
 GET /user/discover 200 in 1518ms (next.js: 556ms, proxy.ts: 98ms, application-code: 864ms)
 GET /super-admin/user-360 200 in 1608ms (next.js: 163ms, proxy.ts: 507ms, application-code: 938ms)
 GET /super-admin/user-360 200 in 1179ms (next.js: 174ms, proxy.ts: 161ms, application-code: 844ms)
 GET /super-admin/user-360 200 in 1197ms (next.js: 246ms, proxy.ts: 140ms, application-code: 810ms)
 GET /user/discover 200 in 1263ms (next.js: 105ms, proxy.ts: 161ms, application-code: 996ms)
 GET /user/discover 200 in 1350ms (next.js: 292ms, proxy.ts: 152ms, application-code: 906ms)
 GET /super-admin/user-360 200 in 1792ms (next.js: 40ms, proxy.ts: 307ms, application-code: 1446ms)
 GET /super-admin/user-360 200 in 1793ms (next.js: 111ms, proxy.ts: 307ms, application-code: 1376ms)
 GET /super-admin/user-360 200 in 1658ms (next.js: 171ms, proxy.ts: 167ms, application-code: 1320ms)
 GET /user/discover 200 in 1756ms (next.js: 262ms, proxy.ts: 33ms, application-code: 1462ms)
 GET /user/discover 200 in 1903ms (next.js: 272ms, proxy.ts: 169ms, application-code: 1462ms)
 GET /user/discover 200 in 1820ms (next.js: 142ms, proxy.ts: 217ms, application-code: 1462ms)
 GET /user/discover 200 in 1804ms (next.js: 220ms, proxy.ts: 217ms, application-code: 1367ms)
 GET /user/discover 200 in 1805ms (next.js: 290ms, proxy.ts: 217ms, application-code: 1297ms)
 GET /user/discover 200 in 1807ms (next.js: 359ms, proxy.ts: 217ms, application-code: 1230ms)
 GET /user/discover 200 in 1807ms (next.js: 422ms, proxy.ts: 218ms, application-code: 1167ms)
 GET /user/discover 200 in 1734ms (next.js: 486ms, proxy.ts: 94ms, application-code: 1155ms)
 GET /user/discover 200 in 1712ms (next.js: 526ms, proxy.ts: 103ms, application-code: 1083ms)
 GET /super-admin/user-360 200 in 1682ms (next.js: 402ms, proxy.ts: 483ms, application-code: 797ms)
 GET /user/discover 200 in 1714ms (next.js: 668ms, proxy.ts: 102ms, application-code: 944ms)
 GET /super-admin/user-360 200 in 1702ms (next.js: 390ms, proxy.ts: 501ms, application-code: 811ms)
 GET /super-admin/user-360 200 in 1615ms (next.js: 198ms, proxy.ts: 658ms, application-code: 759ms)
 GET /user/discover 200 in 1377ms (next.js: 253ms, proxy.ts: 372ms, application-code: 752ms)
 GET /user/discover 200 in 1615ms (next.js: 253ms, proxy.ts: 372ms, application-code: 990ms)
 GET /super-admin/user-360 200 in 1330ms (next.js: 116ms, proxy.ts: 238ms, application-code: 976ms)
 GET /super-admin/user-360 200 in 1249ms (next.js: 101ms, proxy.ts: 236ms, application-code: 912ms)
 GET /super-admin/user-360 200 in 1578ms (next.js: 281ms, proxy.ts: 243ms, application-code: 1053ms)
 GET /user/discover 200 in 1472ms (next.js: 143ms, proxy.ts: 182ms, application-code: 1146ms)
 GET /user/discover 200 in 1560ms (next.js: 145ms, proxy.ts: 278ms, application-code: 1137ms)
 GET /user/discover 200 in 1448ms (next.js: 83ms, proxy.ts: 146ms, application-code: 1218ms)
 GET /user/discover 200 in 1430ms (next.js: 132ms, proxy.ts: 140ms, application-code: 1158ms)
 GET /user/discover 200 in 1429ms (next.js: 188ms, proxy.ts: 139ms, application-code: 1102ms)
 GET /user/discover 200 in 1425ms (next.js: 297ms, proxy.ts: 138ms, application-code: 990ms)
 GET /super-admin/user-360 200 in 1304ms (next.js: 495ms, proxy.ts: 57ms, application-code: 752ms)
 GET /user/discover 200 in 1433ms (next.js: 244ms, proxy.ts: 139ms, application-code: 1050ms)
 GET /user/discover 200 in 1405ms (next.js: 354ms, proxy.ts: 65ms, application-code: 986ms)
 GET /user/discover 200 in 1392ms (next.js: 425ms, proxy.ts: 57ms, application-code: 910ms)
 GET /user/discover 200 in 1390ms (next.js: 566ms, proxy.ts: 58ms, application-code: 766ms)
 GET /super-admin/user-360 200 in 1370ms (next.js: 364ms, proxy.ts: 345ms, application-code: 661ms)
 GET /super-admin/user-360 200 in 1355ms (next.js: 349ms, proxy.ts: 416ms, application-code: 590ms)
 GET /user/discover 200 in 1251ms (next.js: 224ms, proxy.ts: 337ms, application-code: 690ms)
 GET /super-admin/user-360 200 in 1012ms (next.js: 237ms, proxy.ts: 206ms, application-code: 569ms)
 GET /super-admin/user-360 200 in 1017ms (next.js: 176ms, proxy.ts: 207ms, application-code: 634ms)
 GET /user/discover 200 in 1325ms (next.js: 128ms, proxy.ts: 211ms, application-code: 985ms)
 GET /super-admin/user-360 200 in 1156ms (next.js: 209ms, proxy.ts: 140ms, application-code: 807ms)
 GET /user/discover 200 in 1403ms (next.js: 40ms, proxy.ts: 260ms, application-code: 1102ms)
 GET /user/discover 200 in 1427ms (next.js: 140ms, proxy.ts: 80ms, application-code: 1207ms)
 GET /super-admin/user-360 200 in 1391ms (next.js: 325ms, proxy.ts: 187ms, application-code: 879ms)
 GET /user/discover 200 in 1434ms (next.js: 118ms, proxy.ts: 161ms, application-code: 1155ms)
 GET /user/discover 200 in 1415ms (next.js: 178ms, proxy.ts: 173ms, application-code: 1064ms)
 GET /user/discover 200 in 1418ms (next.js: 240ms, proxy.ts: 173ms, application-code: 1004ms)
 GET /user/discover 200 in 1418ms (next.js: 290ms, proxy.ts: 176ms, application-code: 952ms)
 GET /user/discover 200 in 1413ms (next.js: 371ms, proxy.ts: 188ms, application-code: 853ms)
 GET /super-admin/user-360 200 in 1270ms (next.js: 657ms, proxy.ts: 85ms, application-code: 528ms)
 GET /user/discover 200 in 1393ms (next.js: 440ms, proxy.ts: 105ms, application-code: 849ms)
 GET /super-admin/user-360 200 in 1360ms (next.js: 627ms, proxy.ts: 170ms, application-code: 563ms)
 GET /user/discover 200 in 1376ms (next.js: 578ms, proxy.ts: 86ms, application-code: 712ms)
 GET /user/discover 200 in 1381ms (next.js: 519ms, proxy.ts: 87ms, application-code: 775ms)
 GET /super-admin/user-360 200 in 943ms (next.js: 106ms, proxy.ts: 266ms, application-code: 571ms)
 GET /super-admin/user-360 200 in 942ms (next.js: 161ms, proxy.ts: 265ms, application-code: 516ms)
 GET /user/discover 200 in 1064ms (next.js: 45ms, proxy.ts: 361ms, application-code: 658ms)
 GET /super-admin/user-360 200 in 753ms (next.js: 306ms, proxy.ts: 67ms, application-code: 380ms)
 GET /user/discover 200 in 1224ms (next.js: 258ms, proxy.ts: 71ms, application-code: 895ms)
 GET /user/discover 200 in 1325ms (next.js: 48ms, proxy.ts: 148ms, application-code: 1129ms)
 GET /user/discover 200 in 1411ms (next.js: 157ms, proxy.ts: 30ms, application-code: 1223ms)
 GET /super-admin/user-360 200 in 1307ms (next.js: 118ms, proxy.ts: 130ms, application-code: 1060ms)
 GET /super-admin/user-360 200 in 1279ms (next.js: 450ms, proxy.ts: 124ms, application-code: 705ms)
 GET /user/discover 200 in 1324ms (next.js: 178ms, proxy.ts: 125ms, application-code: 1021ms)
 GET /super-admin/user-360 200 in 1273ms (next.js: 569ms, proxy.ts: 133ms, application-code: 571ms)
 GET /user/discover 200 in 1314ms (next.js: 203ms, proxy.ts: 129ms, application-code: 982ms)
 GET /user/discover 200 in 1318ms (next.js: 252ms, proxy.ts: 128ms, application-code: 938ms)
 GET /user/discover 200 in 1321ms (next.js: 310ms, proxy.ts: 127ms, application-code: 884ms)
 GET /user/discover 200 in 1321ms (next.js: 371ms, proxy.ts: 125ms, application-code: 825ms)
 GET /user/discover 200 in 1368ms (next.js: 494ms, proxy.ts: 134ms, application-code: 741ms)
 GET /user/discover 200 in 1314ms (next.js: 616ms, proxy.ts: 65ms, application-code: 633ms)
 GET /user/discover 200 in 1315ms (next.js: 663ms, proxy.ts: 65ms, application-code: 587ms)
 GET /super-admin/user-360 200 in 1133ms (next.js: 33ms, proxy.ts: 578ms, application-code: 522ms)
 GET /super-admin/user-360 200 in 1135ms (next.js: 80ms, proxy.ts: 577ms, application-code: 478ms)
 GET /super-admin/user-360 200 in 888ms (next.js: 196ms, proxy.ts: 263ms, application-code: 428ms)
 GET /user/discover 200 in 1023ms (next.js: 141ms, proxy.ts: 271ms, application-code: 610ms)
 GET /user/discover 200 in 1232ms (next.js: 291ms, proxy.ts: 25ms, application-code: 916ms)
 GET /user/discover 200 in 1431ms (next.js: 59ms, proxy.ts: 84ms, application-code: 1287ms)
 GET /user/discover 200 in 1606ms (next.js: 88ms, proxy.ts: 110ms, application-code: 1407ms)
 GET /super-admin/user-360 200 in 1585ms (next.js: 168ms, proxy.ts: 124ms, application-code: 1294ms)
 GET /super-admin/user-360 200 in 1523ms (next.js: 224ms, proxy.ts: 62ms, application-code: 1237ms)
 GET /super-admin/user-360 200 in 1520ms (next.js: 324ms, proxy.ts: 63ms, application-code: 1133ms)
 GET /user/discover 200 in 1549ms (next.js: 267ms, proxy.ts: 63ms, application-code: 1218ms)
 GET /user/discover 200 in 1541ms (next.js: 313ms, proxy.ts: 118ms, application-code: 1109ms)
 GET /user/discover 200 in 1545ms (next.js: 429ms, proxy.ts: 118ms, application-code: 997ms)
 GET /user/discover 200 in 1543ms (next.js: 534ms, proxy.ts: 117ms, application-code: 893ms)
 GET /user/discover 200 in 1549ms (next.js: 478ms, proxy.ts: 117ms, application-code: 955ms)
 GET /user/discover 200 in 1629ms (next.js: 501ms, proxy.ts: 208ms, application-code: 920ms)
 GET /super-admin/user-360 200 in 1492ms (next.js: 270ms, proxy.ts: 542ms, application-code: 680ms)
 GET /super-admin/user-360 200 in 1501ms (next.js: 213ms, proxy.ts: 544ms, application-code: 744ms)
 GET /user/discover 200 in 1567ms (next.js: 439ms, proxy.ts: 293ms, application-code: 834ms)
 GET /user/discover 200 in 1570ms (next.js: 383ms, proxy.ts: 293ms, application-code: 894ms)
 GET /super-admin/user-360 200 in 1450ms (next.js: 381ms, proxy.ts: 478ms, application-code: 591ms)
 GET /user/discover 200 in 1307ms (next.js: 314ms, proxy.ts: 195ms, application-code: 798ms)
 GET /user/discover 200 in 1360ms (next.js: 247ms, proxy.ts: 363ms, application-code: 749ms)
 GET /user/discover 200 in 1321ms (next.js: 60ms, proxy.ts: 47ms, application-code: 1213ms)
 GET /super-admin/user-360 200 in 1395ms (next.js: 172ms, proxy.ts: 124ms, application-code: 1099ms)
 GET /super-admin/user-360 200 in 1388ms (next.js: 210ms, proxy.ts: 156ms, application-code: 1023ms)
 GET /user/discover 200 in 1414ms (next.js: 106ms, proxy.ts: 124ms, application-code: 1184ms)
 GET /super-admin/user-360 200 in 1390ms (next.js: 270ms, proxy.ts: 155ms, application-code: 965ms)
 GET /user/discover 200 in 1316ms (next.js: 326ms, proxy.ts: 80ms, application-code: 909ms)
 GET /user/discover 200 in 1289ms (next.js: 250ms, proxy.ts: 186ms, application-code: 852ms)
 GET /user/discover 200 in 1288ms (next.js: 314ms, proxy.ts: 185ms, application-code: 789ms)
 GET /super-admin/user-360 200 in 1240ms (next.js: 412ms, proxy.ts: 306ms, application-code: 522ms)
 GET /user/discover 200 in 1292ms (next.js: 380ms, proxy.ts: 184ms, application-code: 728ms)
 GET /user/discover 200 in 1292ms (next.js: 435ms, proxy.ts: 183ms, application-code: 674ms)
 GET /super-admin/user-360 200 in 1186ms (next.js: 406ms, proxy.ts: 239ms, application-code: 541ms)
 GET /super-admin/user-360 200 in 1192ms (next.js: 573ms, proxy.ts: 228ms, application-code: 391ms)
 GET /user/discover 200 in 1341ms (next.js: 352ms, proxy.ts: 306ms, application-code: 683ms)
 GET /user/discover 200 in 1281ms (next.js: 450ms, proxy.ts: 228ms, application-code: 603ms)
 GET /user/discover 200 in 1284ms (next.js: 504ms, proxy.ts: 227ms, application-code: 553ms)
 GET /user/discover 200 in 1009ms (next.js: 64ms, proxy.ts: 366ms, application-code: 579ms)
 GET /user/discover 200 in 1076ms (next.js: 76ms, proxy.ts: 408ms, application-code: 592ms)
 GET /super-admin/user-360 200 in 1101ms (next.js: 133ms, proxy.ts: 31ms, application-code: 938ms)
 GET /user/discover 200 in 1121ms (next.js: 51ms, proxy.ts: 24ms, application-code: 1046ms)
 GET /super-admin/user-360 200 in 1206ms (next.js: 137ms, proxy.ts: 99ms, application-code: 970ms)
 GET /super-admin/user-360 200 in 1202ms (next.js: 227ms, proxy.ts: 115ms, application-code: 860ms)
 GET /user/discover 200 in 1220ms (next.js: 174ms, proxy.ts: 115ms, application-code: 931ms)
 GET /super-admin/user-360 200 in 1110ms (next.js: 215ms, proxy.ts: 271ms, application-code: 623ms)
 GET /user/discover 200 in 1150ms (next.js: 235ms, proxy.ts: 115ms, application-code: 800ms)
 GET /super-admin/user-360 200 in 1055ms (next.js: 384ms, proxy.ts: 221ms, application-code: 450ms)
 GET /user/discover 200 in 1184ms (next.js: 163ms, proxy.ts: 272ms, application-code: 749ms)
 GET /user/discover 200 in 1190ms (next.js: 111ms, proxy.ts: 273ms, application-code: 806ms)
 GET /user/discover 200 in 1187ms (next.js: 286ms, proxy.ts: 271ms, application-code: 630ms)
 GET /user/discover 200 in 1188ms (next.js: 334ms, proxy.ts: 271ms, application-code: 583ms)
 GET /super-admin/user-360 200 in 1105ms (next.js: 439ms, proxy.ts: 215ms, application-code: 451ms)
 GET /user/discover 200 in 1183ms (next.js: 487ms, proxy.ts: 214ms, application-code: 482ms)
 GET /user/discover 200 in 1068ms (next.js: 470ms, proxy.ts: 93ms, application-code: 505ms)
 GET /user/discover 200 in 1142ms (next.js: 240ms, proxy.ts: 380ms, application-code: 521ms)
 GET /user/discover 200 in 921ms (next.js: 79ms, proxy.ts: 234ms, application-code: 608ms)
 GET /user/discover 200 in 977ms (next.js: 77ms, proxy.ts: 215ms, application-code: 684ms)
 GET /super-admin/user-360 200 in 1124ms (next.js: 39ms, proxy.ts: 79ms, application-code: 1006ms)
 GET /user/discover 200 in 1151ms (next.js: 108ms, proxy.ts: 33ms, application-code: 1011ms)
 GET /super-admin/user-360 200 in 1124ms (next.js: 173ms, proxy.ts: 30ms, application-code: 921ms)
 GET /super-admin/user-360 200 in 1189ms (next.js: 182ms, proxy.ts: 87ms, application-code: 919ms)
 GET /super-admin/user-360 200 in 1169ms (next.js: 183ms, proxy.ts: 152ms, application-code: 835ms)
 GET /user/discover 200 in 1259ms (next.js: 190ms, proxy.ts: 158ms, application-code: 911ms)
 GET /super-admin/user-360 200 in 1118ms (next.js: 216ms, proxy.ts: 167ms, application-code: 735ms)
 GET /super-admin/user-360 200 in 1101ms (next.js: 495ms, proxy.ts: 163ms, application-code: 443ms)
 GET /user/discover 200 in 1204ms (next.js: 165ms, proxy.ts: 166ms, application-code: 873ms)
 GET /user/discover 200 in 1199ms (next.js: 278ms, proxy.ts: 163ms, application-code: 757ms)
 GET /user/discover 200 in 1201ms (next.js: 336ms, proxy.ts: 164ms, application-code: 702ms)
 GET /user/discover 200 in 1200ms (next.js: 443ms, proxy.ts: 163ms, application-code: 593ms)
 GET /user/discover 200 in 1204ms (next.js: 388ms, proxy.ts: 164ms, application-code: 652ms)
 GET /user/discover 200 in 1196ms (next.js: 446ms, proxy.ts: 147ms, application-code: 603ms)
 GET /user/discover 200 in 1254ms (next.js: 383ms, proxy.ts: 274ms, application-code: 597ms)
 GET /user/discover 200 in 1203ms (next.js: 150ms, proxy.ts: 485ms, application-code: 569ms)
 GET /user/discover 200 in 975ms (next.js: 85ms, proxy.ts: 141ms, application-code: 749ms)
 GET /user/discover 200 in 1258ms (next.js: 91ms, proxy.ts: 196ms, application-code: 971ms)
 GET /super-admin/user-360 200 in 1139ms (next.js: 44ms, proxy.ts: 144ms, application-code: 952ms)
 GET /super-admin/user-360 200 in 1139ms (next.js: 182ms, proxy.ts: 31ms, application-code: 926ms)
 GET /user/discover 200 in 1209ms (next.js: 122ms, proxy.ts: 32ms, application-code: 1055ms)
 GET /super-admin/user-360 200 in 1328ms (next.js: 188ms, proxy.ts: 100ms, application-code: 1040ms)
 GET /super-admin/user-360 200 in 1318ms (next.js: 132ms, proxy.ts: 172ms, application-code: 1014ms)
 GET /super-admin/user-360 200 in 1311ms (next.js: 240ms, proxy.ts: 165ms, application-code: 905ms)
 GET /super-admin/user-360 200 in 1322ms (next.js: 237ms, proxy.ts: 200ms, application-code: 886ms)
 GET /user/discover 200 in 1413ms (next.js: 187ms, proxy.ts: 166ms, application-code: 1060ms)
 GET /user/discover 200 in 1333ms (next.js: 267ms, proxy.ts: 109ms, application-code: 956ms)
 GET /user/discover 200 in 1377ms (next.js: 320ms, proxy.ts: 105ms, application-code: 953ms)
 GET /user/discover 200 in 1377ms (next.js: 368ms, proxy.ts: 104ms, application-code: 904ms)
 GET /user/discover 200 in 1377ms (next.js: 424ms, proxy.ts: 104ms, application-code: 849ms)
 GET /user/discover 200 in 1379ms (next.js: 473ms, proxy.ts: 104ms, application-code: 802ms)
 GET /user/discover 200 in 1372ms (next.js: 309ms, proxy.ts: 251ms, application-code: 813ms)
 GET /user/discover 200 in 1375ms (next.js: 322ms, proxy.ts: 295ms, application-code: 758ms)
 GET /user/discover 200 in 1316ms (next.js: 161ms, proxy.ts: 352ms, application-code: 803ms)
 GET /user/discover 200 in 1318ms (next.js: 151ms, proxy.ts: 310ms, application-code: 857ms)
 GET /super-admin/user-360 200 in 1106ms (next.js: 122ms, proxy.ts: 213ms, application-code: 770ms)
 GET /user/discover 200 in 1254ms (next.js: 228ms, proxy.ts: 147ms, application-code: 880ms)
 GET /super-admin/user-360 200 in 1037ms (next.js: 120ms, proxy.ts: 90ms, application-code: 827ms)
 GET /super-admin/user-360 200 in 1167ms (next.js: 159ms, proxy.ts: 167ms, application-code: 840ms)
 GET /user/discover 200 in 1176ms (next.js: 144ms, proxy.ts: 111ms, application-code: 922ms)
 GET /super-admin/user-360 200 in 1082ms (next.js: 129ms, proxy.ts: 138ms, application-code: 814ms)
 GET /super-admin/user-360 200 in 1075ms (next.js: 166ms, proxy.ts: 144ms, application-code: 766ms)
 GET /super-admin/user-360 200 in 1127ms (next.js: 163ms, proxy.ts: 158ms, application-code: 806ms)
 GET /user/discover 200 in 1199ms (next.js: 208ms, proxy.ts: 156ms, application-code: 836ms)
 GET /user/discover 200 in 1130ms (next.js: 154ms, proxy.ts: 147ms, application-code: 829ms)
 GET /user/discover 200 in 1174ms (next.js: 198ms, proxy.ts: 140ms, application-code: 836ms)
 GET /user/discover 200 in 1177ms (next.js: 246ms, proxy.ts: 140ms, application-code: 790ms)
 GET /user/discover 200 in 1178ms (next.js: 295ms, proxy.ts: 139ms, application-code: 743ms)
 GET /user/discover 200 in 1188ms (next.js: 248ms, proxy.ts: 249ms, application-code: 691ms)
 GET /user/discover 200 in 1180ms (next.js: 293ms, proxy.ts: 139ms, application-code: 748ms)
 GET /user/discover 200 in 1232ms (next.js: 300ms, proxy.ts: 185ms, application-code: 747ms)
 GET /user/discover 200 in 1134ms (next.js: 218ms, proxy.ts: 234ms, application-code: 682ms)
 GET /user/discover 200 in 1145ms (next.js: 171ms, proxy.ts: 290ms, application-code: 684ms)
 GET /super-admin/user-360 200 in 872ms (next.js: 90ms, proxy.ts: 162ms, application-code: 621ms)
 GET /user/discover 200 in 1139ms (next.js: 140ms, proxy.ts: 157ms, application-code: 842ms)
 GET /super-admin/user-360 200 in 994ms (next.js: 139ms, proxy.ts: 81ms, application-code: 774ms)
 GET /super-admin/user-360 200 in 1043ms (next.js: 96ms, proxy.ts: 131ms, application-code: 816ms)
 GET /super-admin/user-360 200 in 1046ms (next.js: 161ms, proxy.ts: 84ms, application-code: 801ms)
 GET /user/discover 200 in 1180ms (next.js: 144ms, proxy.ts: 141ms, application-code: 895ms)
 GET /super-admin/user-360 200 in 1050ms (next.js: 209ms, proxy.ts: 83ms, application-code: 758ms)
 GET /super-admin/user-360 200 in 1063ms (next.js: 155ms, proxy.ts: 140ms, application-code: 768ms)
 GET /user/discover 200 in 1241ms (next.js: 108ms, proxy.ts: 202ms, application-code: 931ms)
 GET /user/discover 200 in 1172ms (next.js: 103ms, proxy.ts: 200ms, application-code: 869ms)
 GET /user/discover 200 in 1173ms (next.js: 151ms, proxy.ts: 199ms, application-code: 823ms)
 GET /user/discover 200 in 1217ms (next.js: 213ms, proxy.ts: 91ms, application-code: 912ms)
 GET /user/discover 200 in 1220ms (next.js: 273ms, proxy.ts: 91ms, application-code: 856ms)
 GET /user/discover 200 in 1218ms (next.js: 297ms, proxy.ts: 92ms, application-code: 828ms)
 GET /user/discover 200 in 1221ms (next.js: 347ms, proxy.ts: 91ms, application-code: 783ms)
 GET /user/discover 200 in 1231ms (next.js: 283ms, proxy.ts: 204ms, application-code: 744ms)
 GET /user/discover 200 in 1192ms (next.js: 193ms, proxy.ts: 286ms, application-code: 713ms)
 GET /super-admin/user-360 200 in 922ms (next.js: 171ms, proxy.ts: 181ms, application-code: 571ms)
 GET /user/discover 200 in 1157ms (next.js: 158ms, proxy.ts: 270ms, application-code: 730ms)
 GET /super-admin/user-360 200 in 960ms (next.js: 155ms, proxy.ts: 156ms, application-code: 649ms)
 GET /user/discover 200 in 1086ms (next.js: 168ms, proxy.ts: 143ms, application-code: 775ms)
 GET /super-admin/user-360 200 in 1072ms (next.js: 144ms, proxy.ts: 159ms, application-code: 769ms)
 GET /super-admin/user-360 200 in 995ms (next.js: 85ms, proxy.ts: 136ms, application-code: 773ms)
 GET /super-admin/user-360 200 in 988ms (next.js: 189ms, proxy.ts: 132ms, application-code: 667ms)
 GET /super-admin/user-360 200 in 1094ms (next.js: 191ms, proxy.ts: 177ms, application-code: 726ms)
 GET /user/discover 200 in 1183ms (next.js: 145ms, proxy.ts: 133ms, application-code: 905ms)
 GET /user/discover 200 in 1313ms (next.js: 87ms, proxy.ts: 251ms, application-code: 974ms)
 GET /user/discover 200 in 1200ms (next.js: 114ms, proxy.ts: 67ms, application-code: 1019ms)
 GET /user/discover 200 in 1200ms (next.js: 167ms, proxy.ts: 66ms, application-code: 967ms)
 GET /user/discover 200 in 1244ms (next.js: 224ms, proxy.ts: 68ms, application-code: 952ms)
 GET /user/discover 200 in 1246ms (next.js: 221ms, proxy.ts: 130ms, application-code: 894ms)
 GET /user/discover 200 in 1236ms (next.js: 266ms, proxy.ts: 124ms, application-code: 846ms)
 GET /user/discover 200 in 1225ms (next.js: 319ms, proxy.ts: 110ms, application-code: 796ms)
 GET /super-admin/user-360 200 in 1124ms (next.js: 211ms, proxy.ts: 304ms, application-code: 609ms)
 GET /user/discover 200 in 1159ms (next.js: 212ms, proxy.ts: 208ms, application-code: 739ms)
 GET /user/discover 200 in 1150ms (next.js: 257ms, proxy.ts: 204ms, application-code: 689ms)
 GET /user/discover 200 in 1096ms (next.js: 227ms, proxy.ts: 239ms, application-code: 630ms)
 GET /super-admin/user-360 200 in 921ms (next.js: 164ms, proxy.ts: 195ms, application-code: 562ms)
 GET /super-admin/user-360 200 in 1012ms (next.js: 129ms, proxy.ts: 258ms, application-code: 625ms)
 GET /user/discover 200 in 1045ms (next.js: 140ms, proxy.ts: 210ms, application-code: 695ms)
 GET /super-admin/user-360 200 in 913ms (next.js: 176ms, proxy.ts: 152ms, application-code: 585ms)
 GET /super-admin/user-360 200 in 998ms (next.js: 199ms, proxy.ts: 137ms, application-code: 663ms)
 GET /super-admin/user-360 200 in 1000ms (next.js: 204ms, proxy.ts: 118ms, application-code: 677ms)
 GET /user/discover 200 in 1263ms (next.js: 220ms, proxy.ts: 173ms, application-code: 869ms)
 GET /user/discover 200 in 1304ms (next.js: 52ms, proxy.ts: 81ms, application-code: 1171ms)
 GET /user/discover 200 in 1249ms (next.js: 116ms, proxy.ts: 35ms, application-code: 1099ms)
 GET /user/discover 200 in 1261ms (next.js: 195ms, proxy.ts: 40ms, application-code: 1026ms)
 GET /user/discover 200 in 1315ms (next.js: 216ms, proxy.ts: 104ms, application-code: 996ms)
 GET /user/discover 200 in 1308ms (next.js: 278ms, proxy.ts: 103ms, application-code: 927ms)
 GET /super-admin/user-360 200 in 1225ms (next.js: 313ms, proxy.ts: 197ms, application-code: 715ms)
 GET /user/discover 200 in 1322ms (next.js: 280ms, proxy.ts: 183ms, application-code: 859ms)
 GET /user/discover 200 in 1321ms (next.js: 272ms, proxy.ts: 249ms, application-code: 800ms)
 GET /user/discover 200 in 1247ms (next.js: 361ms, proxy.ts: 191ms, application-code: 695ms)
 GET /super-admin/user-360 200 in 1070ms (next.js: 330ms, proxy.ts: 244ms, application-code: 496ms)
 GET /user/discover 200 in 1250ms (next.js: 409ms, proxy.ts: 192ms, application-code: 649ms)
 GET /user/discover 200 in 1158ms (next.js: 277ms, proxy.ts: 246ms, application-code: 635ms)
 GET /super-admin/user-360 200 in 987ms (next.js: 165ms, proxy.ts: 301ms, application-code: 521ms)
 GET /super-admin/user-360 200 in 975ms (next.js: 234ms, proxy.ts: 261ms, application-code: 480ms)
 GET /super-admin/user-360 200 in 935ms (next.js: 177ms, proxy.ts: 255ms, application-code: 503ms)
 GET /user/discover 200 in 1135ms (next.js: 190ms, proxy.ts: 261ms, application-code: 685ms)
 GET /super-admin/user-360 200 in 922ms (next.js: 246ms, proxy.ts: 159ms, application-code: 517ms)
 GET /user/discover 200 in 1209ms (next.js: 99ms, proxy.ts: 240ms, application-code: 870ms)
 GET /user/discover 200 in 1208ms (next.js: 55ms, proxy.ts: 99ms, application-code: 1054ms)
 GET /user/discover 200 in 1146ms (next.js: 117ms, proxy.ts: 40ms, application-code: 988ms)
 GET /user/discover 200 in 1134ms (next.js: 170ms, proxy.ts: 41ms, application-code: 923ms)
 GET /user/discover 200 in 1175ms (next.js: 233ms, proxy.ts: 40ms, application-code: 902ms)
 GET /super-admin/user-360 200 in 1164ms (next.js: 257ms, proxy.ts: 158ms, application-code: 749ms)
 GET /user/discover 200 in 1184ms (next.js: 251ms, proxy.ts: 103ms, application-code: 830ms)
 GET /super-admin/user-360 200 in 1085ms (next.js: 347ms, proxy.ts: 228ms, application-code: 510ms)
 GET /user/discover 200 in 1181ms (next.js: 288ms, proxy.ts: 217ms, application-code: 676ms)
 GET /user/discover 200 in 1124ms (next.js: 268ms, proxy.ts: 231ms, application-code: 626ms)
 GET /user/discover 200 in 1114ms (next.js: 305ms, proxy.ts: 229ms, application-code: 579ms)
 GET /super-admin/user-360 200 in 966ms (next.js: 322ms, proxy.ts: 258ms, application-code: 387ms)
 GET /user/discover 200 in 1115ms (next.js: 386ms, proxy.ts: 229ms, application-code: 500ms)
 GET /super-admin/user-360 200 in 913ms (next.js: 315ms, proxy.ts: 235ms, application-code: 363ms)
 GET /user/discover 200 in 1007ms (next.js: 277ms, proxy.ts: 258ms, application-code: 471ms)
 GET /super-admin/user-360 200 in 847ms (next.js: 183ms, proxy.ts: 354ms, application-code: 310ms)
 GET /super-admin/user-360 200 in 974ms (next.js: 277ms, proxy.ts: 259ms, application-code: 438ms)
 GET /user/discover 200 in 1044ms (next.js: 230ms, proxy.ts: 260ms, application-code: 554ms)
 GET /user/discover 200 in 1110ms (next.js: 26ms, proxy.ts: 159ms, application-code: 925ms)
 GET /user/discover 200 in 1179ms (next.js: 72ms, proxy.ts: 39ms, application-code: 1068ms)
 GET /user/discover 200 in 1175ms (next.js: 142ms, proxy.ts: 35ms, application-code: 999ms)
 GET /user/discover 200 in 1168ms (next.js: 198ms, proxy.ts: 44ms, application-code: 926ms)
 GET /super-admin/user-360 200 in 1155ms (next.js: 324ms, proxy.ts: 57ms, application-code: 774ms)
 GET /user/discover 200 in 1220ms (next.js: 276ms, proxy.ts: 42ms, application-code: 902ms)
 GET /super-admin/user-360 200 in 1198ms (next.js: 226ms, proxy.ts: 261ms, application-code: 710ms)
 GET /user/discover 200 in 1221ms (next.js: 366ms, proxy.ts: 53ms, application-code: 802ms)
 GET /super-admin/user-360 200 in 1179ms (next.js: 367ms, proxy.ts: 299ms, application-code: 512ms)
 GET /user/discover 200 in 1221ms (next.js: 224ms, proxy.ts: 311ms, application-code: 686ms)
 GET /user/discover 200 in 1207ms (next.js: 313ms, proxy.ts: 299ms, application-code: 596ms)
 GET /user/discover 200 in 1212ms (next.js: 267ms, proxy.ts: 300ms, application-code: 645ms)
 GET /super-admin/user-360 200 in 975ms (next.js: 359ms, proxy.ts: 200ms, application-code: 416ms)
 GET /super-admin/user-360 200 in 972ms (next.js: 452ms, proxy.ts: 198ms, application-code: 322ms)
 GET /user/discover 200 in 1102ms (next.js: 327ms, proxy.ts: 291ms, application-code: 484ms)
 GET /user/discover 200 in 1004ms (next.js: 412ms, proxy.ts: 199ms, application-code: 392ms)
 GET /super-admin/user-360 200 in 932ms (next.js: 218ms, proxy.ts: 303ms, application-code: 411ms)
 GET /user/discover 200 in 1103ms (next.js: 214ms, proxy.ts: 345ms, application-code: 544ms)
 GET /user/discover 200 in 914ms (next.js: 52ms, proxy.ts: 116ms, application-code: 746ms)
 GET /super-admin/user-360 200 in 841ms (next.js: 201ms, proxy.ts: 45ms, application-code: 594ms)
 GET /user/discover 200 in 862ms (next.js: 117ms, proxy.ts: 39ms, application-code: 706ms)
 GET /user/discover 200 in 869ms (next.js: 64ms, proxy.ts: 39ms, application-code: 766ms)
 GET /user/discover 200 in 858ms (next.js: 154ms, proxy.ts: 45ms, application-code: 660ms)
 GET /user/discover 200 in 970ms (next.js: 253ms, proxy.ts: 51ms, application-code: 666ms)
 GET /user/discover 200 in 972ms (next.js: 202ms, proxy.ts: 158ms, application-code: 612ms)
 GET /user/discover 200 in 954ms (next.js: 144ms, proxy.ts: 236ms, application-code: 574ms)
 GET /user/discover 200 in 957ms (next.js: 196ms, proxy.ts: 235ms, application-code: 527ms)
 GET /user/discover 200 in 861ms (next.js: 195ms, proxy.ts: 195ms, application-code: 471ms)
 GET /user/discover 200 in 856ms (next.js: 248ms, proxy.ts: 187ms, application-code: 421ms)
 GET /user/discover 200 in 920ms (next.js: 252ms, proxy.ts: 136ms, application-code: 532ms)
 GET /user/discover 200 in 887ms (next.js: 21ms, proxy.ts: 315ms, application-code: 551ms)
 GET /user/discover 200 in 995ms (next.js: 31ms, proxy.ts: 84ms, application-code: 880ms)
 GET /user/discover 200 in 999ms (next.js: 71ms, proxy.ts: 66ms, application-code: 862ms)
 GET /user/discover 200 in 1006ms (next.js: 153ms, proxy.ts: 67ms, application-code: 786ms)
 GET /user/discover 200 in 1039ms (next.js: 225ms, proxy.ts: 45ms, application-code: 768ms)
 GET /user/discover 200 in 1039ms (next.js: 129ms, proxy.ts: 206ms, application-code: 705ms)
 GET /user/discover 200 in 1037ms (next.js: 181ms, proxy.ts: 211ms, application-code: 645ms)
 GET /user/discover 200 in 1023ms (next.js: 195ms, proxy.ts: 251ms, application-code: 577ms)
 GET /user/discover 200 in 864ms (next.js: 364ms, proxy.ts: 104ms, application-code: 397ms)
 GET /user/discover 200 in 884ms (next.js: 260ms, proxy.ts: 107ms, application-code: 517ms)
 GET /user/discover 200 in 872ms (next.js: 311ms, proxy.ts: 105ms, application-code: 456ms)
 GET /user/discover 200 in 932ms (next.js: 281ms, proxy.ts: 180ms, application-code: 471ms)
 GET /user/discover 200 in 979ms (next.js: 101ms, proxy.ts: 271ms, application-code: 608ms)
 GET /user/discover 200 in 1074ms (next.js: 28ms, proxy.ts: 103ms, application-code: 943ms)
 GET /user/discover 200 in 948ms (next.js: 52ms, proxy.ts: 42ms, application-code: 854ms)
 GET /user/discover 200 in 948ms (next.js: 114ms, proxy.ts: 42ms, application-code: 792ms)
 GET /user/discover 200 in 1270ms (next.js: 217ms, proxy.ts: 41ms, application-code: 1011ms)
 GET /user/discover 200 in 1294ms (next.js: 159ms, proxy.ts: 168ms, application-code: 967ms)
 GET /user/discover 200 in 1300ms (next.js: 200ms, proxy.ts: 203ms, application-code: 897ms)
 GET /user/discover 200 in 1291ms (next.js: 202ms, proxy.ts: 272ms, application-code: 817ms)
 GET /user/discover 200 in 1149ms (next.js: 266ms, proxy.ts: 140ms, application-code: 744ms)
 GET /user/discover 200 in 1157ms (next.js: 410ms, proxy.ts: 139ms, application-code: 608ms)
 GET /user/discover 200 in 1157ms (next.js: 341ms, proxy.ts: 140ms, application-code: 675ms)
 GET /user/discover 200 in 1332ms (next.js: 418ms, proxy.ts: 187ms, application-code: 726ms)
 GET /user/discover 200 in 1078ms (next.js: 162ms, proxy.ts: 289ms, application-code: 627ms)
 GET /user/discover 200 in 797ms (next.js: 229ms, proxy.ts: 31ms, application-code: 537ms)
 GET /user/discover 200 in 486ms (next.js: 186ms, proxy.ts: 30ms, application-code: 270ms)
 GET /user/discover 200 in 496ms (next.js: 38ms, proxy.ts: 34ms, application-code: 424ms)
 GET /user/discover 200 in 162ms (next.js: 26ms, proxy.ts: 15ms, application-code: 121ms)
✓ Compiled in 1466ms
 GET /super-admin/user-360 200 in 1110ms (next.js: 455ms, proxy.ts: 111ms, application-code: 544ms)
 GET /user/discover 200 in 1138ms (next.js: 568ms, proxy.ts: 112ms, application-code: 458ms)
 GET /user/discover 200 in 1135ms (next.js: 625ms, proxy.ts: 111ms, application-code: 399ms)
 GET /super-admin/user-360 200 in 722ms (next.js: 93ms, proxy.ts: 35ms, application-code: 594ms)
 GET /user/discover 200 in 719ms (next.js: 24ms, proxy.ts: 32ms, application-code: 663ms)
 GET /user/discover 200 in 709ms (next.js: 160ms, proxy.ts: 28ms, application-code: 521ms)
 GET /super-admin/user-360 200 in 476ms (next.js: 147ms, proxy.ts: 40ms, application-code: 289ms)
 GET /super-admin/user-360 200 in 480ms (next.js: 205ms, proxy.ts: 41ms, application-code: 234ms)
 GET /user/discover 200 in 488ms (next.js: 35ms, proxy.ts: 40ms, application-code: 414ms)
 GET /user/discover 200 in 488ms (next.js: 92ms, proxy.ts: 39ms, application-code: 357ms)
 GET /user/discover 200 in 471ms (next.js: 350ms, proxy.ts: 37ms, application-code: 83ms)
 GET /user/discover 200 in 479ms (next.js: 288ms, proxy.ts: 42ms, application-code: 150ms)
 GET /user/discover 200 in 1568ms (next.js: 17ms, proxy.ts: 17ms, application-code: 1534ms)
 GET /user/discover 200 in 164ms (next.js: 13ms, proxy.ts: 15ms, application-code: 137ms)
 GET /robots.txt 200 in 214ms (next.js: 154ms, application-code: 61ms)
 GET /user/discover 200 in 145ms (next.js: 16ms, proxy.ts: 18ms, application-code: 112ms)
✓ Compiled in 8.8s
 GET /user/discover 200 in 10.6s (next.js: 4.8s, proxy.ts: 281ms, application-code: 5.6s)
 GET /user/discover 200 in 10.7s (next.js: 5.2s, proxy.ts: 280ms, application-code: 5.2s)
 GET /super-admin/user-360 200 in 11.7s (next.js: 3.5s, proxy.ts: 282ms, application-code: 7.9s)
 GET /user/discover 200 in 11.7s (next.js: 5.2s, proxy.ts: 297ms, application-code: 6.3s)
 GET /user/discover 200 in 11.5s (next.js: 5.3s, proxy.ts: 72ms, application-code: 6.1s)
 GET /super-admin/user-360 200 in 2.1s (next.js: 1027ms, proxy.ts: 642ms, application-code: 435ms)
 GET /super-admin/user-360 200 in 1389ms (next.js: 56ms, proxy.ts: 54ms, application-code: 1278ms)
 GET /super-admin/user-360 200 in 1206ms (next.js: 59ms, proxy.ts: 93ms, application-code: 1054ms)
 GET /super-admin/user-360 200 in 1204ms (next.js: 219ms, proxy.ts: 95ms, application-code: 890ms)
 GET /super-admin/user-360 200 in 1202ms (next.js: 361ms, proxy.ts: 92ms, application-code: 749ms)
 GET /super-admin/user-360 200 in 1353ms (next.js: 513ms, proxy.ts: 95ms, application-code: 746ms)
 GET /super-admin/user-360 200 in 1323ms (next.js: 709ms, proxy.ts: 60ms, application-code: 554ms)
 GET /super-admin/user-360 200 in 1294ms (next.js: 46ms, proxy.ts: 29ms, application-code: 1220ms)
 GET /super-admin/user-360 200 in 1153ms (next.js: 119ms, proxy.ts: 102ms, application-code: 932ms)
 GET /super-admin/user-360 200 in 1154ms (next.js: 297ms, proxy.ts: 122ms, application-code: 736ms)
 GET /super-admin/user-360 200 in 1152ms (next.js: 452ms, proxy.ts: 130ms, application-code: 571ms)
 GET /super-admin/user-360 200 in 1130ms (next.js: 617ms, proxy.ts: 136ms, application-code: 377ms)
 GET /super-admin/user-360 200 in 1037ms (next.js: 554ms, proxy.ts: 264ms, application-code: 219ms)
 GET /super-admin/user-360 200 in 462ms (next.js: 59ms, proxy.ts: 27ms, application-code: 376ms)
 GET /super-admin/user-360 200 in 408ms (next.js: 32ms, proxy.ts: 168ms, application-code: 208ms)
✓ Finished filesystem cache database compaction in 10.5s
✓ Finished filesystem cache database compaction in 18.5s
 GET /user/discover 200 in 651ms (next.js: 70ms, proxy.ts: 103ms, application-code: 479ms)
 GET /user/discover 200 in 627ms (next.js: 28ms, proxy.ts: 27ms, application-code: 573ms)
 GET /user/discover 200 in 343ms (next.js: 19ms, proxy.ts: 21ms, application-code: 302ms)
 GET /user/discover 200 in 134ms (next.js: 10ms, proxy.ts: 9ms, application-code: 115ms)
 GET /user/discover 200 in 194ms (next.js: 13ms, proxy.ts: 12ms, application-code: 169ms)
 GET /user/discover 200 in 253ms (next.js: 17ms, proxy.ts: 23ms, application-code: 213ms)
 GET /user/discover 200 in 178ms (next.js: 12ms, proxy.ts: 15ms, application-code: 152ms)
 GET /robots.txt 200 in 178ms (next.js: 145ms, application-code: 33ms)
 GET /user/discover 200 in 216ms (next.js: 8ms, proxy.ts: 5ms, application-code: 203ms)
[?25h
